<?xml version="1.0" encoding="UTF-8"?>
<coverage generated="1531434881276" clover="3.2.0">
  <project timestamp="1531434881276" name="All files">
    <metrics statements="283" coveredstatements="247" conditionals="36" coveredconditionals="22" methods="34" coveredmethods="27" elements="353" coveredelements="296" complexity="0" loc="283" ncloc="283" packages="5" files="8" classes="8">
      <package name="linked-list">
        <metrics statements="24" coveredstatements="21" conditionals="4" coveredconditionals="2" methods="2" coveredmethods="1"/>
        <file name="index.js" path="/Users/tyler/rithm/rithm/linked-list/index.js">
          <metrics statements="24" coveredstatements="21" conditionals="4" coveredconditionals="2" methods="2" coveredmethods="1"/>
          <line num="2" count="3" type="stmt"/>
          <line num="3" count="3" type="stmt"/>
          <line num="4" count="3" type="stmt"/>
          <line num="5" count="3" type="stmt"/>
          <line num="8" count="3" type="stmt"/>
          <line num="9" count="3" type="stmt"/>
          <line num="10" count="3" type="stmt"/>
          <line num="11" count="3" type="stmt"/>
          <line num="13" count="3" type="stmt"/>
          <line num="16" count="3" type="stmt"/>
          <line num="17" count="3" type="stmt"/>
          <line num="18" count="3" type="stmt"/>
          <line num="21" count="3" type="stmt"/>
          <line num="22" count="3" type="stmt"/>
          <line num="23" count="3" type="stmt"/>
          <line num="24" count="3" type="stmt"/>
          <line num="27" count="3" type="stmt"/>
          <line num="28" count="0" type="stmt"/>
          <line num="29" count="0" type="stmt"/>
          <line num="30" count="0" type="stmt"/>
          <line num="38" count="3" type="stmt"/>
          <line num="39" count="7" type="cond" truecount="1" falsecount="1"/>
          <line num="40" count="7" type="stmt"/>
          <line num="46" count="3" type="stmt"/>
        </file>
      </package>
      <package name="linked-list.db">
        <metrics statements="5" coveredstatements="5" conditionals="2" coveredconditionals="1" methods="0" coveredmethods="0"/>
        <file name="index.js" path="/Users/tyler/rithm/rithm/linked-list/db/index.js">
          <metrics statements="5" coveredstatements="5" conditionals="2" coveredconditionals="1" methods="0" coveredmethods="0"/>
          <line num="1" count="3" type="stmt"/>
          <line num="4" count="3" type="cond" truecount="1" falsecount="1"/>
          <line num="5" count="3" type="stmt"/>
          <line num="9" count="3" type="stmt"/>
          <line num="11" count="3" type="stmt"/>
        </file>
      </package>
      <package name="linked-list.helpers">
        <metrics statements="15" coveredstatements="15" conditionals="2" coveredconditionals="2" methods="1" coveredmethods="1"/>
        <file name="selective_query.js" path="/Users/tyler/rithm/rithm/linked-list/helpers/selective_query.js">
          <metrics statements="15" coveredstatements="15" conditionals="2" coveredconditionals="2" methods="1" coveredmethods="1"/>
          <line num="1" count="3" type="stmt"/>
          <line num="12" count="3" type="cond" truecount="2" falsecount="0"/>
          <line num="13" count="2" type="stmt"/>
          <line num="14" count="2" type="stmt"/>
          <line num="16" count="3" type="stmt"/>
          <line num="18" count="3" type="stmt"/>
          <line num="21" count="3" type="stmt"/>
          <line num="22" count="3" type="stmt"/>
          <line num="23" count="7" type="stmt"/>
          <line num="27" count="3" type="stmt"/>
          <line num="30" count="3" type="stmt"/>
          <line num="31" count="3" type="stmt"/>
          <line num="32" count="3" type="stmt"/>
          <line num="34" count="3" type="stmt"/>
          <line num="37" count="3" type="stmt"/>
        </file>
      </package>
      <package name="linked-list.middleware">
        <metrics statements="51" coveredstatements="43" conditionals="8" coveredconditionals="6" methods="5" coveredmethods="5"/>
        <file name="auth.js" path="/Users/tyler/rithm/rithm/linked-list/middleware/auth.js">
          <metrics statements="51" coveredstatements="43" conditionals="8" coveredconditionals="6" methods="5" coveredmethods="5"/>
          <line num="1" count="3" type="stmt"/>
          <line num="5" count="11" type="stmt"/>
          <line num="6" count="11" type="stmt"/>
          <line num="7" count="11" type="stmt"/>
          <line num="8" count="10" type="stmt"/>
          <line num="9" count="10" type="stmt"/>
          <line num="11" count="1" type="stmt"/>
          <line num="14" count="1" type="stmt"/>
          <line num="15" count="1" type="stmt"/>
          <line num="16" count="1" type="stmt"/>
          <line num="21" count="2" type="stmt"/>
          <line num="22" count="2" type="stmt"/>
          <line num="23" count="2" type="stmt"/>
          <line num="24" count="2" type="cond" truecount="1" falsecount="1"/>
          <line num="25" count="2" type="stmt"/>
          <line num="26" count="2" type="stmt"/>
          <line num="29" count="0" type="stmt"/>
          <line num="30" count="0" type="stmt"/>
          <line num="31" count="0" type="stmt"/>
          <line num="32" count="0" type="stmt"/>
          <line num="36" count="5" type="stmt"/>
          <line num="37" count="5" type="stmt"/>
          <line num="38" count="5" type="stmt"/>
          <line num="39" count="5" type="cond" truecount="1" falsecount="1"/>
          <line num="40" count="5" type="stmt"/>
          <line num="41" count="5" type="stmt"/>
          <line num="44" count="0" type="stmt"/>
          <line num="45" count="0" type="stmt"/>
          <line num="46" count="0" type="stmt"/>
          <line num="47" count="0" type="stmt"/>
          <line num="53" count="4" type="stmt"/>
          <line num="54" count="4" type="stmt"/>
          <line num="55" count="4" type="stmt"/>
          <line num="56" count="4" type="cond" truecount="2" falsecount="0"/>
          <line num="57" count="2" type="stmt"/>
          <line num="59" count="2" type="stmt"/>
          <line num="62" count="2" type="stmt"/>
          <line num="63" count="2" type="stmt"/>
          <line num="64" count="2" type="stmt"/>
          <line num="65" count="2" type="stmt"/>
          <line num="71" count="4" type="stmt"/>
          <line num="72" count="4" type="stmt"/>
          <line num="73" count="4" type="stmt"/>
          <line num="74" count="4" type="cond" truecount="2" falsecount="0"/>
          <line num="76" count="2" type="stmt"/>
          <line num="78" count="2" type="stmt"/>
          <line num="81" count="2" type="stmt"/>
          <line num="82" count="2" type="stmt"/>
          <line num="83" count="2" type="stmt"/>
          <line num="84" count="2" type="stmt"/>
          <line num="88" count="3" type="stmt"/>
        </file>
      </package>
      <package name="linked-list.routes">
        <metrics statements="188" coveredstatements="163" conditionals="20" coveredconditionals="11" methods="26" coveredmethods="20"/>
        <file name="auth.js" path="/Users/tyler/rithm/rithm/linked-list/routes/auth.js">
          <metrics statements="29" coveredstatements="23" conditionals="8" coveredconditionals="4" methods="2" coveredmethods="2"/>
          <line num="1" count="3" type="stmt"/>
          <line num="2" count="3" type="stmt"/>
          <line num="3" count="3" type="stmt"/>
          <line num="4" count="3" type="stmt"/>
          <line num="5" count="3" type="stmt"/>
          <line num="10" count="3" type="stmt"/>
          <line num="13" count="3" type="stmt"/>
          <line num="15" count="19" type="stmt"/>
          <line num="16" count="19" type="stmt"/>
          <line num="19" count="19" type="cond" truecount="1" falsecount="1"/>
          <line num="20" count="19" type="stmt"/>
          <line num="24" count="19" type="cond" truecount="1" falsecount="1"/>
          <line num="25" count="19" type="stmt"/>
          <line num="29" count="19" type="stmt"/>
          <line num="32" count="0" type="stmt"/>
          <line num="35" count="0" type="stmt"/>
          <line num="38" count="0" type="stmt"/>
          <line num="44" count="3" type="stmt"/>
          <line num="46" count="19" type="stmt"/>
          <line num="47" count="19" type="stmt"/>
          <line num="51" count="19" type="cond" truecount="1" falsecount="1"/>
          <line num="52" count="19" type="stmt"/>
          <line num="56" count="19" type="cond" truecount="1" falsecount="1"/>
          <line num="57" count="19" type="stmt"/>
          <line num="61" count="19" type="stmt"/>
          <line num="64" count="0" type="stmt"/>
          <line num="67" count="0" type="stmt"/>
          <line num="70" count="0" type="stmt"/>
          <line num="74" count="3" type="stmt"/>
        </file>
        <file name="companies.js" path="/Users/tyler/rithm/rithm/linked-list/routes/companies.js">
          <metrics statements="51" coveredstatements="46" conditionals="0" coveredconditionals="0" methods="11" coveredmethods="5"/>
          <line num="1" count="3" type="stmt"/>
          <line num="2" count="3" type="stmt"/>
          <line num="3" count="3" type="stmt"/>
          <line num="4" count="3" type="stmt"/>
          <line num="5" count="3" type="stmt"/>
          <line num="6" count="3" type="stmt"/>
          <line num="10" count="3" type="stmt"/>
          <line num="12" count="3" type="stmt"/>
          <line num="14" count="2" type="stmt"/>
          <line num="15" count="2" type="stmt"/>
          <line num="16" count="2" type="stmt"/>
          <line num="18" count="0" type="stmt"/>
          <line num="22" count="3" type="stmt"/>
          <line num="24" count="1" type="stmt"/>
          <line num="25" count="1" type="stmt"/>
          <line num="26" count="1" type="stmt"/>
          <line num="36" count="1" type="stmt"/>
          <line num="37" count="1" type="stmt"/>
          <line num="39" count="0" type="stmt"/>
          <line num="43" count="3" type="stmt"/>
          <line num="45" count="1" type="stmt"/>
          <line num="46" count="1" type="stmt"/>
          <line num="50" count="1" type="stmt"/>
          <line num="54" count="1" type="stmt"/>
          <line num="57" count="1" type="stmt"/>
          <line num="58" count="1" type="stmt"/>
          <line num="59" count="1" type="stmt"/>
          <line num="60" count="1" type="stmt"/>
          <line num="62" count="0" type="stmt"/>
          <line num="66" count="3" type="stmt"/>
          <line num="68" count="1" type="stmt"/>
          <line num="69" count="1" type="stmt"/>
          <line num="76" count="1" type="stmt"/>
          <line num="77" count="1" type="stmt"/>
          <line num="81" count="1" type="stmt"/>
          <line num="84" count="1" type="stmt"/>
          <line num="85" count="1" type="stmt"/>
          <line num="86" count="1" type="stmt"/>
          <line num="87" count="1" type="stmt"/>
          <line num="89" count="0" type="stmt"/>
          <line num="93" count="3" type="stmt"/>
          <line num="95" count="1" type="stmt"/>
          <line num="96" count="1" type="stmt"/>
          <line num="100" count="1" type="stmt"/>
          <line num="104" count="1" type="stmt"/>
          <line num="107" count="1" type="stmt"/>
          <line num="108" count="1" type="stmt"/>
          <line num="109" count="1" type="stmt"/>
          <line num="112" count="1" type="stmt"/>
          <line num="114" count="0" type="stmt"/>
          <line num="118" count="3" type="stmt"/>
        </file>
        <file name="jobs.js" path="/Users/tyler/rithm/rithm/linked-list/routes/jobs.js">
          <metrics statements="67" coveredstatements="58" conditionals="10" coveredconditionals="6" methods="8" coveredmethods="8"/>
          <line num="1" count="3" type="stmt"/>
          <line num="2" count="3" type="stmt"/>
          <line num="3" count="3" type="stmt"/>
          <line num="4" count="3" type="stmt"/>
          <line num="10" count="3" type="stmt"/>
          <line num="12" count="3" type="stmt"/>
          <line num="14" count="2" type="stmt"/>
          <line num="15" count="2" type="stmt"/>
          <line num="16" count="3" type="stmt"/>
          <line num="17" count="2" type="stmt"/>
          <line num="19" count="0" type="stmt"/>
          <line num="23" count="3" type="stmt"/>
          <line num="25" count="1" type="stmt"/>
          <line num="26" count="1" type="stmt"/>
          <line num="28" count="1" type="stmt"/>
          <line num="32" count="1" type="stmt"/>
          <line num="33" count="1" type="stmt"/>
          <line num="35" count="0" type="stmt"/>
          <line num="39" count="3" type="stmt"/>
          <line num="41" count="1" type="stmt"/>
          <line num="42" count="1" type="stmt"/>
          <line num="45" count="1" type="stmt"/>
          <line num="46" count="1" type="stmt"/>
          <line num="48" count="0" type="stmt"/>
          <line num="52" count="3" type="stmt"/>
          <line num="54" count="2" type="stmt"/>
          <line num="55" count="2" type="stmt"/>
          <line num="59" count="2" type="cond" truecount="2" falsecount="0"/>
          <line num="60" count="1" type="stmt"/>
          <line num="61" count="1" type="stmt"/>
          <line num="62" count="1" type="stmt"/>
          <line num="63" count="1" type="stmt"/>
          <line num="66" count="1" type="stmt"/>
          <line num="72" count="1" type="stmt"/>
          <line num="74" count="1" type="stmt"/>
          <line num="75" count="1" type="stmt"/>
          <line num="77" count="1" type="stmt"/>
          <line num="81" count="3" type="stmt"/>
          <line num="83" count="2" type="stmt"/>
          <line num="84" count="2" type="stmt"/>
          <line num="88" count="2" type="cond" truecount="2" falsecount="0"/>
          <line num="89" count="1" type="stmt"/>
          <line num="90" count="1" type="stmt"/>
          <line num="91" count="1" type="stmt"/>
          <line num="92" count="1" type="stmt"/>
          <line num="95" count="1" type="stmt"/>
          <line num="96" count="1" type="stmt"/>
          <line num="97" count="1" type="stmt"/>
          <line num="99" count="1" type="stmt"/>
          <line num="103" count="3" type="stmt"/>
          <line num="104" count="2" type="stmt"/>
          <line num="105" count="2" type="stmt"/>
          <line num="109" count="2" type="stmt"/>
          <line num="111" count="0" type="stmt"/>
          <line num="115" count="3" type="stmt"/>
          <line num="116" count="1" type="stmt"/>
          <line num="117" count="1" type="cond" truecount="1" falsecount="1"/>
          <line num="118" count="1" type="stmt"/>
          <line num="122" count="1" type="cond" truecount="1" falsecount="1"/>
          <line num="123" count="0" type="stmt"/>
          <line num="125" count="1" type="stmt"/>
          <line num="129" count="1" type="stmt"/>
          <line num="131" count="0" type="cond" truecount="0" falsecount="2"/>
          <line num="132" count="0" type="stmt"/>
          <line num="137" count="0" type="stmt"/>
          <line num="140" count="0" type="stmt"/>
          <line num="144" count="3" type="stmt"/>
        </file>
        <file name="users.js" path="/Users/tyler/rithm/rithm/linked-list/routes/users.js">
          <metrics statements="41" coveredstatements="36" conditionals="2" coveredconditionals="1" methods="5" coveredmethods="5"/>
          <line num="1" count="3" type="stmt"/>
          <line num="2" count="3" type="stmt"/>
          <line num="3" count="3" type="stmt"/>
          <line num="4" count="3" type="stmt"/>
          <line num="5" count="3" type="stmt"/>
          <line num="9" count="3" type="stmt"/>
          <line num="10" count="3" type="stmt"/>
          <line num="12" count="3" type="stmt"/>
          <line num="14" count="2" type="stmt"/>
          <line num="15" count="2" type="stmt"/>
          <line num="21" count="2" type="stmt"/>
          <line num="23" count="0" type="stmt"/>
          <line num="27" count="3" type="stmt"/>
          <line num="29" count="1" type="stmt"/>
          <line num="30" count="1" type="cond" truecount="1" falsecount="1"/>
          <line num="34" count="1" type="stmt"/>
          <line num="35" count="1" type="stmt"/>
          <line num="47" count="1" type="stmt"/>
          <line num="48" count="1" type="stmt"/>
          <line num="50" count="0" type="stmt"/>
          <line num="54" count="3" type="stmt"/>
          <line num="56" count="1" type="stmt"/>
          <line num="57" count="1" type="stmt"/>
          <line num="60" count="1" type="stmt"/>
          <line num="61" count="1" type="stmt"/>
          <line num="63" count="0" type="stmt"/>
          <line num="67" count="3" type="stmt"/>
          <line num="69" count="1" type="stmt"/>
          <line num="70" count="1" type="stmt"/>
          <line num="76" count="1" type="stmt"/>
          <line num="77" count="1" type="stmt"/>
          <line num="79" count="1" type="stmt"/>
          <line num="80" count="1" type="stmt"/>
          <line num="82" count="0" type="stmt"/>
          <line num="86" count="3" type="stmt"/>
          <line num="88" count="1" type="stmt"/>
          <line num="89" count="1" type="stmt"/>
          <line num="92" count="1" type="stmt"/>
          <line num="95" count="1" type="stmt"/>
          <line num="97" count="0" type="stmt"/>
          <line num="101" count="3" type="stmt"/>
        </file>
      </package>
    </metrics>
  </project>
</coverage>
