<?xml version="1.0" encoding="UTF-8"?>
<coverage generated="1531523509593" clover="3.2.0">
  <project timestamp="1531523509593" name="All files">
    <metrics statements="376" coveredstatements="335" conditionals="70" coveredconditionals="53" methods="43" coveredmethods="33" elements="489" coveredelements="421" complexity="0" loc="376" ncloc="376" packages="5" files="8" classes="8">
      <package name="linked-list">
        <metrics statements="24" coveredstatements="21" conditionals="4" coveredconditionals="2" methods="2" coveredmethods="1"/>
        <file name="index.js" path="/Users/jason/repos/rithm/linked-list/index.js">
          <metrics statements="24" coveredstatements="21" conditionals="4" coveredconditionals="2" methods="2" coveredmethods="1"/>
          <line num="2" count="3" type="stmt"/>
          <line num="3" count="3" type="stmt"/>
          <line num="4" count="3" type="stmt"/>
          <line num="5" count="3" type="stmt"/>
          <line num="8" count="3" type="stmt"/>
          <line num="9" count="3" type="stmt"/>
          <line num="10" count="3" type="stmt"/>
          <line num="11" count="3" type="stmt"/>
          <line num="13" count="3" type="stmt"/>
          <line num="16" count="3" type="stmt"/>
          <line num="17" count="3" type="stmt"/>
          <line num="18" count="3" type="stmt"/>
          <line num="21" count="3" type="stmt"/>
          <line num="22" count="3" type="stmt"/>
          <line num="23" count="3" type="stmt"/>
          <line num="24" count="3" type="stmt"/>
          <line num="27" count="3" type="stmt"/>
          <line num="28" count="0" type="stmt"/>
          <line num="29" count="0" type="stmt"/>
          <line num="30" count="0" type="stmt"/>
          <line num="38" count="3" type="stmt"/>
          <line num="39" count="18" type="cond" truecount="1" falsecount="1"/>
          <line num="40" count="18" type="stmt"/>
          <line num="46" count="3" type="stmt"/>
        </file>
      </package>
      <package name="linked-list.db">
        <metrics statements="5" coveredstatements="5" conditionals="2" coveredconditionals="1" methods="0" coveredmethods="0"/>
        <file name="index.js" path="/Users/jason/repos/rithm/linked-list/db/index.js">
          <metrics statements="5" coveredstatements="5" conditionals="2" coveredconditionals="1" methods="0" coveredmethods="0"/>
          <line num="1" count="3" type="stmt"/>
          <line num="4" count="3" type="cond" truecount="1" falsecount="1"/>
          <line num="5" count="3" type="stmt"/>
          <line num="9" count="3" type="stmt"/>
          <line num="11" count="3" type="stmt"/>
        </file>
      </package>
      <package name="linked-list.helpers">
        <metrics statements="15" coveredstatements="15" conditionals="2" coveredconditionals="2" methods="1" coveredmethods="1"/>
        <file name="selective_query.js" path="/Users/jason/repos/rithm/linked-list/helpers/selective_query.js">
          <metrics statements="15" coveredstatements="15" conditionals="2" coveredconditionals="2" methods="1" coveredmethods="1"/>
          <line num="1" count="3" type="stmt"/>
          <line num="12" count="3" type="cond" truecount="2" falsecount="0"/>
          <line num="13" count="2" type="stmt"/>
          <line num="14" count="2" type="stmt"/>
          <line num="16" count="3" type="stmt"/>
          <line num="18" count="3" type="stmt"/>
          <line num="21" count="3" type="stmt"/>
          <line num="22" count="3" type="stmt"/>
          <line num="23" count="7" type="stmt"/>
          <line num="27" count="3" type="stmt"/>
          <line num="30" count="3" type="stmt"/>
          <line num="31" count="3" type="stmt"/>
          <line num="32" count="3" type="stmt"/>
          <line num="34" count="3" type="stmt"/>
          <line num="37" count="3" type="stmt"/>
        </file>
      </package>
      <package name="linked-list.middleware">
        <metrics statements="51" coveredstatements="43" conditionals="8" coveredconditionals="6" methods="5" coveredmethods="5"/>
        <file name="auth.js" path="/Users/jason/repos/rithm/linked-list/middleware/auth.js">
          <metrics statements="51" coveredstatements="43" conditionals="8" coveredconditionals="6" methods="5" coveredmethods="5"/>
          <line num="1" count="3" type="stmt"/>
          <line num="5" count="30" type="stmt"/>
          <line num="6" count="30" type="stmt"/>
          <line num="7" count="30" type="stmt"/>
          <line num="8" count="28" type="stmt"/>
          <line num="9" count="28" type="stmt"/>
          <line num="11" count="2" type="stmt"/>
          <line num="14" count="2" type="stmt"/>
          <line num="15" count="2" type="stmt"/>
          <line num="16" count="2" type="stmt"/>
          <line num="21" count="28" type="stmt"/>
          <line num="22" count="28" type="stmt"/>
          <line num="23" count="28" type="stmt"/>
          <line num="24" count="28" type="cond" truecount="1" falsecount="1"/>
          <line num="25" count="28" type="stmt"/>
          <line num="26" count="28" type="stmt"/>
          <line num="29" count="0" type="stmt"/>
          <line num="30" count="0" type="stmt"/>
          <line num="31" count="0" type="stmt"/>
          <line num="32" count="0" type="stmt"/>
          <line num="36" count="5" type="stmt"/>
          <line num="37" count="5" type="stmt"/>
          <line num="38" count="5" type="stmt"/>
          <line num="39" count="5" type="cond" truecount="1" falsecount="1"/>
          <line num="40" count="5" type="stmt"/>
          <line num="41" count="5" type="stmt"/>
          <line num="44" count="0" type="stmt"/>
          <line num="45" count="0" type="stmt"/>
          <line num="46" count="0" type="stmt"/>
          <line num="47" count="0" type="stmt"/>
          <line num="53" count="5" type="stmt"/>
          <line num="54" count="5" type="stmt"/>
          <line num="55" count="5" type="stmt"/>
          <line num="56" count="5" type="cond" truecount="2" falsecount="0"/>
          <line num="57" count="3" type="stmt"/>
          <line num="59" count="2" type="stmt"/>
          <line num="62" count="2" type="stmt"/>
          <line num="63" count="2" type="stmt"/>
          <line num="64" count="2" type="stmt"/>
          <line num="65" count="2" type="stmt"/>
          <line num="71" count="4" type="stmt"/>
          <line num="72" count="4" type="stmt"/>
          <line num="73" count="4" type="stmt"/>
          <line num="74" count="4" type="cond" truecount="2" falsecount="0"/>
          <line num="76" count="2" type="stmt"/>
          <line num="78" count="2" type="stmt"/>
          <line num="81" count="2" type="stmt"/>
          <line num="82" count="2" type="stmt"/>
          <line num="83" count="2" type="stmt"/>
          <line num="84" count="2" type="stmt"/>
          <line num="88" count="3" type="stmt"/>
        </file>
      </package>
      <package name="linked-list.routes">
        <metrics statements="281" coveredstatements="251" conditionals="54" coveredconditionals="42" methods="35" coveredmethods="26"/>
        <file name="auth.js" path="/Users/jason/repos/rithm/linked-list/routes/auth.js">
          <metrics statements="29" coveredstatements="23" conditionals="8" coveredconditionals="4" methods="2" coveredmethods="2"/>
          <line num="1" count="3" type="stmt"/>
          <line num="2" count="3" type="stmt"/>
          <line num="3" count="3" type="stmt"/>
          <line num="4" count="3" type="stmt"/>
          <line num="5" count="3" type="stmt"/>
          <line num="10" count="3" type="stmt"/>
          <line num="13" count="3" type="stmt"/>
          <line num="15" count="37" type="stmt"/>
          <line num="16" count="37" type="stmt"/>
          <line num="19" count="37" type="cond" truecount="1" falsecount="1"/>
          <line num="20" count="37" type="stmt"/>
          <line num="24" count="37" type="cond" truecount="1" falsecount="1"/>
          <line num="25" count="37" type="stmt"/>
          <line num="29" count="37" type="stmt"/>
          <line num="32" count="0" type="stmt"/>
          <line num="35" count="0" type="stmt"/>
          <line num="38" count="0" type="stmt"/>
          <line num="44" count="3" type="stmt"/>
          <line num="46" count="34" type="stmt"/>
          <line num="47" count="34" type="stmt"/>
          <line num="51" count="34" type="cond" truecount="1" falsecount="1"/>
          <line num="52" count="34" type="stmt"/>
          <line num="56" count="34" type="cond" truecount="1" falsecount="1"/>
          <line num="57" count="34" type="stmt"/>
          <line num="61" count="34" type="stmt"/>
          <line num="64" count="0" type="stmt"/>
          <line num="67" count="0" type="stmt"/>
          <line num="70" count="0" type="stmt"/>
          <line num="74" count="3" type="stmt"/>
        </file>
        <file name="companies.js" path="/Users/jason/repos/rithm/linked-list/routes/companies.js">
          <metrics statements="64" coveredstatements="60" conditionals="2" coveredconditionals="2" methods="15" coveredmethods="7"/>
          <line num="1" count="3" type="stmt"/>
          <line num="2" count="3" type="stmt"/>
          <line num="3" count="3" type="stmt"/>
          <line num="4" count="3" type="stmt"/>
          <line num="5" count="3" type="stmt"/>
          <line num="6" count="3" type="stmt"/>
          <line num="10" count="3" type="stmt"/>
          <line num="12" count="3" type="stmt"/>
          <line num="14" count="2" type="stmt"/>
          <line num="15" count="2" type="stmt"/>
          <line num="17" count="2" type="stmt"/>
          <line num="18" count="3" type="stmt"/>
          <line num="19" count="3" type="stmt"/>
          <line num="23" count="3" type="stmt"/>
          <line num="26" count="3" type="stmt"/>
          <line num="27" count="3" type="stmt"/>
          <line num="28" count="3" type="stmt"/>
          <line num="30" count="2" type="stmt"/>
          <line num="31" count="2" type="stmt"/>
          <line num="34" count="0" type="stmt"/>
          <line num="38" count="3" type="stmt"/>
          <line num="40" count="3" type="stmt"/>
          <line num="42" count="3" type="stmt"/>
          <line num="46" count="3" type="cond" truecount="2" falsecount="0"/>
          <line num="47" count="1" type="stmt"/>
          <line num="48" count="1" type="stmt"/>
          <line num="49" count="1" type="stmt"/>
          <line num="52" count="2" type="stmt"/>
          <line num="53" count="2" type="stmt"/>
          <line num="63" count="2" type="stmt"/>
          <line num="64" count="2" type="stmt"/>
          <line num="66" count="1" type="stmt"/>
          <line num="70" count="3" type="stmt"/>
          <line num="72" count="1" type="stmt"/>
          <line num="73" count="1" type="stmt"/>
          <line num="77" count="1" type="stmt"/>
          <line num="81" count="1" type="stmt"/>
          <line num="84" count="1" type="stmt"/>
          <line num="85" count="1" type="stmt"/>
          <line num="86" count="1" type="stmt"/>
          <line num="87" count="1" type="stmt"/>
          <line num="89" count="0" type="stmt"/>
          <line num="93" count="3" type="stmt"/>
          <line num="95" count="1" type="stmt"/>
          <line num="96" count="1" type="stmt"/>
          <line num="103" count="1" type="stmt"/>
          <line num="104" count="1" type="stmt"/>
          <line num="108" count="1" type="stmt"/>
          <line num="111" count="1" type="stmt"/>
          <line num="112" count="1" type="stmt"/>
          <line num="113" count="1" type="stmt"/>
          <line num="114" count="1" type="stmt"/>
          <line num="116" count="0" type="stmt"/>
          <line num="120" count="3" type="stmt"/>
          <line num="122" count="1" type="stmt"/>
          <line num="123" count="1" type="stmt"/>
          <line num="127" count="1" type="stmt"/>
          <line num="131" count="1" type="stmt"/>
          <line num="134" count="1" type="stmt"/>
          <line num="135" count="1" type="stmt"/>
          <line num="136" count="1" type="stmt"/>
          <line num="139" count="1" type="stmt"/>
          <line num="141" count="0" type="stmt"/>
          <line num="145" count="3" type="stmt"/>
        </file>
        <file name="jobs.js" path="/Users/jason/repos/rithm/linked-list/routes/jobs.js">
          <metrics statements="125" coveredstatements="108" conditionals="34" coveredconditionals="28" methods="10" coveredmethods="10"/>
          <line num="1" count="3" type="stmt"/>
          <line num="2" count="3" type="stmt"/>
          <line num="3" count="3" type="stmt"/>
          <line num="4" count="3" type="stmt"/>
          <line num="10" count="3" type="stmt"/>
          <line num="12" count="3" type="stmt"/>
          <line num="14" count="2" type="stmt"/>
          <line num="15" count="2" type="stmt"/>
          <line num="16" count="3" type="stmt"/>
          <line num="17" count="2" type="stmt"/>
          <line num="19" count="0" type="stmt"/>
          <line num="23" count="3" type="stmt"/>
          <line num="25" count="1" type="stmt"/>
          <line num="26" count="1" type="stmt"/>
          <line num="28" count="1" type="stmt"/>
          <line num="32" count="1" type="stmt"/>
          <line num="33" count="1" type="stmt"/>
          <line num="35" count="0" type="stmt"/>
          <line num="39" count="3" type="stmt"/>
          <line num="41" count="1" type="stmt"/>
          <line num="42" count="1" type="stmt"/>
          <line num="45" count="1" type="stmt"/>
          <line num="46" count="1" type="stmt"/>
          <line num="48" count="0" type="stmt"/>
          <line num="52" count="3" type="stmt"/>
          <line num="54" count="2" type="stmt"/>
          <line num="55" count="2" type="stmt"/>
          <line num="59" count="2" type="cond" truecount="2" falsecount="0"/>
          <line num="60" count="1" type="stmt"/>
          <line num="61" count="1" type="stmt"/>
          <line num="62" count="1" type="stmt"/>
          <line num="63" count="1" type="stmt"/>
          <line num="66" count="1" type="stmt"/>
          <line num="72" count="1" type="stmt"/>
          <line num="74" count="1" type="stmt"/>
          <line num="75" count="1" type="stmt"/>
          <line num="77" count="1" type="stmt"/>
          <line num="81" count="3" type="stmt"/>
          <line num="83" count="2" type="stmt"/>
          <line num="84" count="2" type="stmt"/>
          <line num="88" count="2" type="cond" truecount="2" falsecount="0"/>
          <line num="89" count="1" type="stmt"/>
          <line num="90" count="1" type="stmt"/>
          <line num="91" count="1" type="stmt"/>
          <line num="92" count="1" type="stmt"/>
          <line num="95" count="1" type="stmt"/>
          <line num="96" count="1" type="stmt"/>
          <line num="97" count="1" type="stmt"/>
          <line num="99" count="1" type="stmt"/>
          <line num="103" count="3" type="stmt"/>
          <line num="107" count="28" type="stmt"/>
          <line num="108" count="28" type="stmt"/>
          <line num="112" count="28" type="stmt"/>
          <line num="114" count="0" type="stmt"/>
          <line num="119" count="3" type="stmt"/>
          <line num="123" count="2" type="stmt"/>
          <line num="124" count="2" type="cond" truecount="2" falsecount="0"/>
          <line num="125" count="1" type="stmt"/>
          <line num="129" count="1" type="cond" truecount="1" falsecount="1"/>
          <line num="130" count="0" type="stmt"/>
          <line num="131" count="0" type="stmt"/>
          <line num="132" count="0" type="stmt"/>
          <line num="134" count="1" type="stmt"/>
          <line num="137" count="1" type="cond" truecount="1" falsecount="1"/>
          <line num="138" count="1" type="stmt"/>
          <line num="142" count="1" type="stmt"/>
          <line num="146" count="1" type="cond" truecount="1" falsecount="1"/>
          <line num="147" count="0" type="stmt"/>
          <line num="148" count="0" type="stmt"/>
          <line num="149" count="0" type="stmt"/>
          <line num="150" count="1" type="cond" truecount="1" falsecount="1"/>
          <line num="151" count="0" type="stmt"/>
          <line num="154" count="0" type="stmt"/>
          <line num="155" count="0" type="stmt"/>
          <line num="157" count="1" type="stmt"/>
          <line num="161" count="0" type="stmt"/>
          <line num="166" count="3" type="stmt"/>
          <line num="170" count="6" type="stmt"/>
          <line num="171" count="6" type="cond" truecount="2" falsecount="0"/>
          <line num="172" count="3" type="stmt"/>
          <line num="176" count="3" type="cond" truecount="2" falsecount="0"/>
          <line num="177" count="1" type="stmt"/>
          <line num="178" count="1" type="stmt"/>
          <line num="179" count="1" type="stmt"/>
          <line num="180" count="2" type="cond" truecount="2" falsecount="0"/>
          <line num="183" count="1" type="stmt"/>
          <line num="186" count="1" type="stmt"/>
          <line num="187" count="1" type="stmt"/>
          <line num="189" count="1" type="stmt"/>
          <line num="191" count="3" type="cond" truecount="1" falsecount="1"/>
          <line num="192" count="3" type="stmt"/>
          <line num="196" count="3" type="stmt"/>
          <line num="200" count="3" type="cond" truecount="2" falsecount="0"/>
          <line num="201" count="1" type="stmt"/>
          <line num="202" count="1" type="stmt"/>
          <line num="203" count="1" type="stmt"/>
          <line num="204" count="2" type="cond" truecount="2" falsecount="0"/>
          <line num="205" count="1" type="stmt"/>
          <line num="208" count="1" type="stmt"/>
          <line num="209" count="1" type="stmt"/>
          <line num="211" count="1" type="stmt"/>
          <line num="220" count="4" type="stmt"/>
          <line num="225" count="3" type="stmt"/>
          <line num="229" count="4" type="stmt"/>
          <line num="230" count="4" type="cond" truecount="2" falsecount="0"/>
          <line num="231" count="2" type="stmt"/>
          <line num="235" count="2" type="cond" truecount="2" falsecount="0"/>
          <line num="236" count="1" type="stmt"/>
          <line num="239" count="1" type="stmt"/>
          <line num="240" count="1" type="stmt"/>
          <line num="242" count="1" type="stmt"/>
          <line num="246" count="1" type="stmt"/>
          <line num="248" count="2" type="cond" truecount="1" falsecount="1"/>
          <line num="249" count="2" type="stmt"/>
          <line num="253" count="2" type="cond" truecount="2" falsecount="0"/>
          <line num="254" count="1" type="stmt"/>
          <line num="257" count="1" type="stmt"/>
          <line num="258" count="1" type="stmt"/>
          <line num="260" count="1" type="stmt"/>
          <line num="264" count="1" type="stmt"/>
          <line num="266" count="0" type="stmt"/>
          <line num="269" count="0" type="stmt"/>
          <line num="270" count="0" type="stmt"/>
          <line num="273" count="2" type="stmt"/>
          <line num="278" count="3" type="stmt"/>
        </file>
        <file name="users.js" path="/Users/jason/repos/rithm/linked-list/routes/users.js">
          <metrics statements="63" coveredstatements="60" conditionals="10" coveredconditionals="8" methods="8" coveredmethods="7"/>
          <line num="1" count="3" type="stmt"/>
          <line num="2" count="3" type="stmt"/>
          <line num="3" count="3" type="stmt"/>
          <line num="4" count="3" type="stmt"/>
          <line num="5" count="3" type="stmt"/>
          <line num="9" count="3" type="stmt"/>
          <line num="10" count="3" type="stmt"/>
          <line num="12" count="3" type="stmt"/>
          <line num="14" count="2" type="stmt"/>
          <line num="15" count="2" type="stmt"/>
          <line num="20" count="2" type="stmt"/>
          <line num="21" count="3" type="stmt"/>
          <line num="25" count="3" type="stmt"/>
          <line num="26" count="3" type="stmt"/>
          <line num="28" count="2" type="stmt"/>
          <line num="30" count="0" type="stmt"/>
          <line num="34" count="3" type="stmt"/>
          <line num="36" count="7" type="stmt"/>
          <line num="37" count="7" type="cond" truecount="2" falsecount="0"/>
          <line num="39" count="1" type="stmt"/>
          <line num="44" count="1" type="cond" truecount="1" falsecount="1"/>
          <line num="45" count="1" type="stmt"/>
          <line num="46" count="1" type="stmt"/>
          <line num="47" count="1" type="stmt"/>
          <line num="51" count="6" type="stmt"/>
          <line num="55" count="6" type="cond" truecount="2" falsecount="0"/>
          <line num="56" count="1" type="stmt"/>
          <line num="57" count="1" type="stmt"/>
          <line num="58" count="1" type="stmt"/>
          <line num="61" count="5" type="stmt"/>
          <line num="62" count="5" type="stmt"/>
          <line num="75" count="5" type="stmt"/>
          <line num="76" count="5" type="stmt"/>
          <line num="78" count="2" type="stmt"/>
          <line num="82" count="3" type="stmt"/>
          <line num="84" count="8" type="stmt"/>
          <line num="85" count="8" type="stmt"/>
          <line num="88" count="8" type="stmt"/>
          <line num="92" count="8" type="stmt"/>
          <line num="93" count="8" type="stmt"/>
          <line num="94" count="10" type="stmt"/>
          <line num="95" count="8" type="stmt"/>
          <line num="97" count="0" type="stmt"/>
          <line num="101" count="3" type="stmt"/>
          <line num="103" count="2" type="stmt"/>
          <line num="104" count="2" type="cond" truecount="2" falsecount="0"/>
          <line num="106" count="1" type="stmt"/>
          <line num="111" count="1" type="cond" truecount="1" falsecount="1"/>
          <line num="112" count="1" type="stmt"/>
          <line num="113" count="1" type="stmt"/>
          <line num="114" count="1" type="stmt"/>
          <line num="117" count="1" type="stmt"/>
          <line num="123" count="1" type="stmt"/>
          <line num="125" count="1" type="stmt"/>
          <line num="126" count="1" type="stmt"/>
          <line num="128" count="1" type="stmt"/>
          <line num="132" count="3" type="stmt"/>
          <line num="134" count="1" type="stmt"/>
          <line num="135" count="1" type="stmt"/>
          <line num="138" count="1" type="stmt"/>
          <line num="141" count="1" type="stmt"/>
          <line num="143" count="0" type="stmt"/>
          <line num="147" count="3" type="stmt"/>
        </file>
      </package>
    </metrics>
  </project>
</coverage>
