{"/Users/tyler/rithm/rithm/linked-list/index.js": {"path":"/Users/tyler/rithm/rithm/linked-list/index.js","statementMap":{"0":{"start":{"line":2,"column":16},"end":{"line":2,"column":34}},"1":{"start":{"line":3,"column":19},"end":{"line":3,"column":41}},"2":{"start":{"line":4,"column":15},"end":{"line":4,"column":32}},"3":{"start":{"line":5,"column":13},"end":{"line":5,"column":28}},"4":{"start":{"line":8,"column":19},"end":{"line":8,"column":44}},"5":{"start":{"line":9,"column":24},"end":{"line":9,"column":53}},"6":{"start":{"line":10,"column":19},"end":{"line":10,"column":43}},"7":{"start":{"line":11,"column":19},"end":{"line":11,"column":43}},"8":{"start":{"line":13,"column":12},"end":{"line":13,"column":21}},"9":{"start":{"line":16,"column":0},"end":{"line":16,"column":27}},"10":{"start":{"line":17,"column":0},"end":{"line":17,"column":23}},"11":{"start":{"line":18,"column":0},"end":{"line":18,"column":16}},"12":{"start":{"line":21,"column":0},"end":{"line":21,"column":30}},"13":{"start":{"line":22,"column":0},"end":{"line":22,"column":39}},"14":{"start":{"line":23,"column":0},"end":{"line":23,"column":29}},"15":{"start":{"line":24,"column":0},"end":{"line":24,"column":24}},"16":{"start":{"line":27,"column":0},"end":{"line":31,"column":3}},"17":{"start":{"line":28,"column":14},"end":{"line":28,"column":36}},"18":{"start":{"line":29,"column":2},"end":{"line":29,"column":19}},"19":{"start":{"line":30,"column":2},"end":{"line":30,"column":19}},"20":{"start":{"line":38,"column":0},"end":{"line":44,"column":3}},"21":{"start":{"line":39,"column":2},"end":{"line":39,"column":32}},"22":{"start":{"line":40,"column":2},"end":{"line":43,"column":5}},"23":{"start":{"line":46,"column":0},"end":{"line":46,"column":21}}},"fnMap":{"0":{"name":"(anonymous_0)","decl":{"start":{"line":27,"column":8},"end":{"line":27,"column":9}},"loc":{"start":{"line":27,"column":28},"end":{"line":31,"column":1}},"line":27},"1":{"name":"(anonymous_1)","decl":{"start":{"line":38,"column":8},"end":{"line":38,"column":9}},"loc":{"start":{"line":38,"column":33},"end":{"line":44,"column":1}},"line":38}},"branchMap":{"0":{"loc":{"start":{"line":39,"column":13},"end":{"line":39,"column":30}},"type":"binary-expr","locations":[{"start":{"line":39,"column":13},"end":{"line":39,"column":23}},{"start":{"line":39,"column":27},"end":{"line":39,"column":30}}],"line":39},"1":{"loc":{"start":{"line":42,"column":11},"end":{"line":42,"column":54}},"type":"cond-expr","locations":[{"start":{"line":42,"column":46},"end":{"line":42,"column":49}},{"start":{"line":42,"column":52},"end":{"line":42,"column":54}}],"line":42}},"s":{"0":3,"1":3,"2":3,"3":3,"4":3,"5":3,"6":3,"7":3,"8":3,"9":3,"10":3,"11":3,"12":3,"13":3,"14":3,"15":3,"16":3,"17":0,"18":0,"19":0,"20":3,"21":7,"22":7,"23":3},"f":{"0":0,"1":7},"b":{"0":[7,0],"1":[0,7]},"_coverageSchema":"332fd63041d2c1bcb487cc26dd0d5f7d97098a6c","hash":"99958a60f61a5fd1ec15e6489fa4289a4df190d4"}
,"/Users/tyler/rithm/rithm/linked-list/db/index.js": {"path":"/Users/tyler/rithm/rithm/linked-list/db/index.js","statementMap":{"0":{"start":{"line":1,"column":19},"end":{"line":1,"column":32}},"1":{"start":{"line":4,"column":2},"end":{"line":4,"column":76}},"2":{"start":{"line":5,"column":15},"end":{"line":7,"column":2}},"3":{"start":{"line":9,"column":0},"end":{"line":9,"column":17}},"4":{"start":{"line":11,"column":0},"end":{"line":11,"column":24}}},"fnMap":{},"branchMap":{"0":{"loc":{"start":{"line":4,"column":2},"end":{"line":4,"column":76}},"type":"cond-expr","locations":[{"start":{"line":4,"column":36},"end":{"line":4,"column":57}},{"start":{"line":4,"column":60},"end":{"line":4,"column":76}}],"line":4}},"s":{"0":3,"1":3,"2":3,"3":3,"4":3},"f":{},"b":{"0":[3,0]},"_coverageSchema":"332fd63041d2c1bcb487cc26dd0d5f7d97098a6c","hash":"fb37549cb410340fbb68fa33f8106c857de1b0b2"}
,"/Users/tyler/rithm/rithm/linked-list/helpers/selective_query.js": {"path":"/Users/tyler/rithm/rithm/linked-list/helpers/selective_query.js","statementMap":{"0":{"start":{"line":1,"column":15},"end":{"line":1,"column":32}},"1":{"start":{"line":12,"column":2},"end":{"line":15,"column":3}},"2":{"start":{"line":13,"column":27},"end":{"line":13,"column":64}},"3":{"start":{"line":14,"column":4},"end":{"line":14,"column":36}},"4":{"start":{"line":16,"column":12},"end":{"line":16,"column":13}},"5":{"start":{"line":18,"column":19},"end":{"line":18,"column":41}},"6":{"start":{"line":21,"column":16},"end":{"line":21,"column":18}},"7":{"start":{"line":22,"column":2},"end":{"line":24,"column":3}},"8":{"start":{"line":23,"column":4},"end":{"line":23,"column":40}},"9":{"start":{"line":27,"column":19},"end":{"line":27,"column":54}},"10":{"start":{"line":30,"column":14},"end":{"line":30,"column":58}},"11":{"start":{"line":31,"column":15},"end":{"line":31,"column":35}},"12":{"start":{"line":32,"column":2},"end":{"line":32,"column":21}},"13":{"start":{"line":34,"column":2},"end":{"line":34,"column":27}},"14":{"start":{"line":37,"column":0},"end":{"line":37,"column":41}}},"fnMap":{"0":{"name":"selectivePatchQuery","decl":{"start":{"line":10,"column":15},"end":{"line":10,"column":34}},"loc":{"start":{"line":10,"column":61},"end":{"line":35,"column":1}},"line":10}},"branchMap":{"0":{"loc":{"start":{"line":12,"column":2},"end":{"line":15,"column":3}},"type":"if","locations":[{"start":{"line":12,"column":2},"end":{"line":15,"column":3}},{"start":{"line":12,"column":2},"end":{"line":15,"column":3}}],"line":12}},"s":{"0":3,"1":3,"2":2,"3":2,"4":3,"5":3,"6":3,"7":3,"8":7,"9":3,"10":3,"11":3,"12":3,"13":3,"14":3},"f":{"0":3},"b":{"0":[2,1]},"_coverageSchema":"332fd63041d2c1bcb487cc26dd0d5f7d97098a6c","hash":"062d70b02fa7b24f26c989aaf4c0ea8b8faa1375"}
,"/Users/tyler/rithm/rithm/linked-list/middleware/auth.js": {"path":"/Users/tyler/rithm/rithm/linked-list/middleware/auth.js","statementMap":{"0":{"start":{"line":1,"column":12},"end":{"line":1,"column":35}},"1":{"start":{"line":5,"column":2},"end":{"line":17,"column":3}},"2":{"start":{"line":6,"column":18},"end":{"line":6,"column":43}},"3":{"start":{"line":7,"column":25},"end":{"line":7,"column":65}},"4":{"start":{"line":8,"column":4},"end":{"line":8,"column":36}},"5":{"start":{"line":9,"column":4},"end":{"line":9,"column":18}},"6":{"start":{"line":11,"column":25},"end":{"line":13,"column":5}},"7":{"start":{"line":14,"column":4},"end":{"line":14,"column":30}},"8":{"start":{"line":15,"column":4},"end":{"line":15,"column":40}},"9":{"start":{"line":16,"column":4},"end":{"line":16,"column":30}},"10":{"start":{"line":21,"column":2},"end":{"line":33,"column":3}},"11":{"start":{"line":22,"column":18},"end":{"line":22,"column":43}},"12":{"start":{"line":23,"column":25},"end":{"line":23,"column":65}},"13":{"start":{"line":24,"column":4},"end":{"line":27,"column":5}},"14":{"start":{"line":25,"column":6},"end":{"line":25,"column":43}},"15":{"start":{"line":26,"column":6},"end":{"line":26,"column":20}},"16":{"start":{"line":29,"column":25},"end":{"line":29,"column":74}},"17":{"start":{"line":30,"column":4},"end":{"line":30,"column":30}},"18":{"start":{"line":31,"column":4},"end":{"line":31,"column":40}},"19":{"start":{"line":32,"column":4},"end":{"line":32,"column":30}},"20":{"start":{"line":36,"column":2},"end":{"line":48,"column":3}},"21":{"start":{"line":37,"column":18},"end":{"line":37,"column":43}},"22":{"start":{"line":38,"column":25},"end":{"line":38,"column":65}},"23":{"start":{"line":39,"column":4},"end":{"line":42,"column":5}},"24":{"start":{"line":40,"column":6},"end":{"line":40,"column":40}},"25":{"start":{"line":41,"column":6},"end":{"line":41,"column":20}},"26":{"start":{"line":44,"column":25},"end":{"line":44,"column":78}},"27":{"start":{"line":45,"column":4},"end":{"line":45,"column":30}},"28":{"start":{"line":46,"column":4},"end":{"line":46,"column":40}},"29":{"start":{"line":47,"column":4},"end":{"line":47,"column":30}},"30":{"start":{"line":53,"column":2},"end":{"line":66,"column":3}},"31":{"start":{"line":54,"column":18},"end":{"line":54,"column":43}},"32":{"start":{"line":55,"column":25},"end":{"line":55,"column":65}},"33":{"start":{"line":56,"column":4},"end":{"line":60,"column":5}},"34":{"start":{"line":57,"column":6},"end":{"line":57,"column":20}},"35":{"start":{"line":59,"column":6},"end":{"line":59,"column":24}},"36":{"start":{"line":62,"column":22},"end":{"line":62,"column":79}},"37":{"start":{"line":63,"column":4},"end":{"line":63,"column":27}},"38":{"start":{"line":64,"column":4},"end":{"line":64,"column":34}},"39":{"start":{"line":65,"column":4},"end":{"line":65,"column":27}},"40":{"start":{"line":71,"column":2},"end":{"line":85,"column":3}},"41":{"start":{"line":72,"column":18},"end":{"line":72,"column":43}},"42":{"start":{"line":73,"column":25},"end":{"line":73,"column":65}},"43":{"start":{"line":74,"column":4},"end":{"line":79,"column":5}},"44":{"start":{"line":76,"column":6},"end":{"line":76,"column":20}},"45":{"start":{"line":78,"column":6},"end":{"line":78,"column":24}},"46":{"start":{"line":81,"column":22},"end":{"line":81,"column":79}},"47":{"start":{"line":82,"column":4},"end":{"line":82,"column":27}},"48":{"start":{"line":83,"column":4},"end":{"line":83,"column":34}},"49":{"start":{"line":84,"column":4},"end":{"line":84,"column":27}},"50":{"start":{"line":88,"column":0},"end":{"line":94,"column":2}}},"fnMap":{"0":{"name":"requireAuthorization","decl":{"start":{"line":3,"column":9},"end":{"line":3,"column":29}},"loc":{"start":{"line":3,"column":46},"end":{"line":18,"column":1}},"line":3},"1":{"name":"requireUserAuthorization","decl":{"start":{"line":20,"column":9},"end":{"line":20,"column":33}},"loc":{"start":{"line":20,"column":50},"end":{"line":34,"column":1}},"line":20},"2":{"name":"requireCompanyAuthorization","decl":{"start":{"line":35,"column":9},"end":{"line":35,"column":36}},"loc":{"start":{"line":35,"column":53},"end":{"line":49,"column":1}},"line":35},"3":{"name":"requireCorrectUser","decl":{"start":{"line":51,"column":9},"end":{"line":51,"column":27}},"loc":{"start":{"line":51,"column":44},"end":{"line":67,"column":1}},"line":51},"4":{"name":"requireCorrectCompany","decl":{"start":{"line":69,"column":9},"end":{"line":69,"column":30}},"loc":{"start":{"line":69,"column":47},"end":{"line":86,"column":1}},"line":69}},"branchMap":{"0":{"loc":{"start":{"line":24,"column":4},"end":{"line":27,"column":5}},"type":"if","locations":[{"start":{"line":24,"column":4},"end":{"line":27,"column":5}},{"start":{"line":24,"column":4},"end":{"line":27,"column":5}}],"line":24},"1":{"loc":{"start":{"line":39,"column":4},"end":{"line":42,"column":5}},"type":"if","locations":[{"start":{"line":39,"column":4},"end":{"line":42,"column":5}},{"start":{"line":39,"column":4},"end":{"line":42,"column":5}}],"line":39},"2":{"loc":{"start":{"line":56,"column":4},"end":{"line":60,"column":5}},"type":"if","locations":[{"start":{"line":56,"column":4},"end":{"line":60,"column":5}},{"start":{"line":56,"column":4},"end":{"line":60,"column":5}}],"line":56},"3":{"loc":{"start":{"line":74,"column":4},"end":{"line":79,"column":5}},"type":"if","locations":[{"start":{"line":74,"column":4},"end":{"line":79,"column":5}},{"start":{"line":74,"column":4},"end":{"line":79,"column":5}}],"line":74}},"s":{"0":3,"1":11,"2":11,"3":11,"4":10,"5":10,"6":1,"7":1,"8":1,"9":1,"10":2,"11":2,"12":2,"13":2,"14":2,"15":2,"16":0,"17":0,"18":0,"19":0,"20":5,"21":5,"22":5,"23":5,"24":5,"25":5,"26":0,"27":0,"28":0,"29":0,"30":4,"31":4,"32":4,"33":4,"34":2,"35":2,"36":2,"37":2,"38":2,"39":2,"40":4,"41":4,"42":4,"43":4,"44":2,"45":2,"46":2,"47":2,"48":2,"49":2,"50":3},"f":{"0":11,"1":2,"2":5,"3":4,"4":4},"b":{"0":[2,0],"1":[5,0],"2":[2,2],"3":[2,2]},"_coverageSchema":"332fd63041d2c1bcb487cc26dd0d5f7d97098a6c","hash":"8ced8551c413cd6f0df2b0874807026acdd8f617"}
,"/Users/tyler/rithm/rithm/linked-list/routes/auth.js": {"path":"/Users/tyler/rithm/rithm/linked-list/routes/auth.js","statementMap":{"0":{"start":{"line":1,"column":16},"end":{"line":1,"column":34}},"1":{"start":{"line":2,"column":15},"end":{"line":2,"column":31}},"2":{"start":{"line":3,"column":11},"end":{"line":3,"column":27}},"3":{"start":{"line":4,"column":15},"end":{"line":4,"column":32}},"4":{"start":{"line":5,"column":12},"end":{"line":5,"column":35}},"5":{"start":{"line":10,"column":4},"end":{"line":10,"column":33}},"6":{"start":{"line":13,"column":0},"end":{"line":40,"column":3}},"7":{"start":{"line":15,"column":2},"end":{"line":39,"column":3}},"8":{"start":{"line":16,"column":21},"end":{"line":18,"column":6}},"9":{"start":{"line":19,"column":4},"end":{"line":36,"column":5}},"10":{"start":{"line":20,"column":20},"end":{"line":23,"column":7}},"11":{"start":{"line":24,"column":6},"end":{"line":33,"column":7}},"12":{"start":{"line":25,"column":22},"end":{"line":28,"column":9}},"13":{"start":{"line":29,"column":8},"end":{"line":29,"column":35}},"14":{"start":{"line":32,"column":8},"end":{"line":32,"column":57}},"15":{"start":{"line":35,"column":6},"end":{"line":35,"column":55}},"16":{"start":{"line":38,"column":4},"end":{"line":38,"column":19}},"17":{"start":{"line":44,"column":0},"end":{"line":72,"column":3}},"18":{"start":{"line":46,"column":2},"end":{"line":71,"column":3}},"19":{"start":{"line":47,"column":24},"end":{"line":50,"column":5}},"20":{"start":{"line":51,"column":4},"end":{"line":68,"column":5}},"21":{"start":{"line":52,"column":20},"end":{"line":55,"column":7}},"22":{"start":{"line":56,"column":6},"end":{"line":65,"column":7}},"23":{"start":{"line":57,"column":22},"end":{"line":60,"column":9}},"24":{"start":{"line":61,"column":8},"end":{"line":61,"column":35}},"25":{"start":{"line":64,"column":8},"end":{"line":64,"column":57}},"26":{"start":{"line":67,"column":6},"end":{"line":67,"column":53}},"27":{"start":{"line":70,"column":4},"end":{"line":70,"column":19}},"28":{"start":{"line":74,"column":0},"end":{"line":74,"column":24}}},"fnMap":{"0":{"name":"(anonymous_0)","decl":{"start":{"line":13,"column":26},"end":{"line":13,"column":27}},"loc":{"start":{"line":13,"column":52},"end":{"line":40,"column":1}},"line":13},"1":{"name":"(anonymous_1)","decl":{"start":{"line":44,"column":29},"end":{"line":44,"column":30}},"loc":{"start":{"line":44,"column":55},"end":{"line":72,"column":1}},"line":44}},"branchMap":{"0":{"loc":{"start":{"line":19,"column":4},"end":{"line":36,"column":5}},"type":"if","locations":[{"start":{"line":19,"column":4},"end":{"line":36,"column":5}},{"start":{"line":19,"column":4},"end":{"line":36,"column":5}}],"line":19},"1":{"loc":{"start":{"line":24,"column":6},"end":{"line":33,"column":7}},"type":"if","locations":[{"start":{"line":24,"column":6},"end":{"line":33,"column":7}},{"start":{"line":24,"column":6},"end":{"line":33,"column":7}}],"line":24},"2":{"loc":{"start":{"line":51,"column":4},"end":{"line":68,"column":5}},"type":"if","locations":[{"start":{"line":51,"column":4},"end":{"line":68,"column":5}},{"start":{"line":51,"column":4},"end":{"line":68,"column":5}}],"line":51},"3":{"loc":{"start":{"line":56,"column":6},"end":{"line":65,"column":7}},"type":"if","locations":[{"start":{"line":56,"column":6},"end":{"line":65,"column":7}},{"start":{"line":56,"column":6},"end":{"line":65,"column":7}}],"line":56}},"s":{"0":3,"1":3,"2":3,"3":3,"4":3,"5":3,"6":3,"7":19,"8":19,"9":19,"10":19,"11":19,"12":19,"13":19,"14":0,"15":0,"16":0,"17":3,"18":19,"19":19,"20":19,"21":19,"22":19,"23":19,"24":19,"25":0,"26":0,"27":0,"28":3},"f":{"0":19,"1":19},"b":{"0":[19,0],"1":[19,0],"2":[19,0],"3":[19,0]},"_coverageSchema":"332fd63041d2c1bcb487cc26dd0d5f7d97098a6c","hash":"54c81ad472094e6cd5c643ffe28c55b7f46a0fe5"}
,"/Users/tyler/rithm/rithm/linked-list/routes/companies.js": {"path":"/Users/tyler/rithm/rithm/linked-list/routes/companies.js","statementMap":{"0":{"start":{"line":1,"column":16},"end":{"line":1,"column":34}},"1":{"start":{"line":2,"column":15},"end":{"line":2,"column":31}},"2":{"start":{"line":3,"column":11},"end":{"line":3,"column":27}},"3":{"start":{"line":4,"column":15},"end":{"line":4,"column":32}},"4":{"start":{"line":5,"column":12},"end":{"line":5,"column":35}},"5":{"start":{"line":6,"column":32},"end":{"line":6,"column":69}},"6":{"start":{"line":10,"column":4},"end":{"line":10,"column":33}},"7":{"start":{"line":12,"column":0},"end":{"line":20,"column":3}},"8":{"start":{"line":14,"column":2},"end":{"line":19,"column":3}},"9":{"start":{"line":15,"column":17},"end":{"line":15,"column":58}},"10":{"start":{"line":16,"column":4},"end":{"line":16,"column":31}},"11":{"start":{"line":18,"column":4},"end":{"line":18,"column":19}},"12":{"start":{"line":22,"column":0},"end":{"line":41,"column":3}},"13":{"start":{"line":24,"column":2},"end":{"line":40,"column":3}},"14":{"start":{"line":25,"column":27},"end":{"line":25,"column":67}},"15":{"start":{"line":26,"column":17},"end":{"line":35,"column":5}},"16":{"start":{"line":36,"column":4},"end":{"line":36,"column":33}},"17":{"start":{"line":37,"column":4},"end":{"line":37,"column":34}},"18":{"start":{"line":39,"column":4},"end":{"line":39,"column":19}},"19":{"start":{"line":43,"column":0},"end":{"line":64,"column":3}},"20":{"start":{"line":45,"column":2},"end":{"line":63,"column":3}},"21":{"start":{"line":46,"column":24},"end":{"line":49,"column":5}},"22":{"start":{"line":50,"column":21},"end":{"line":53,"column":5}},"23":{"start":{"line":54,"column":20},"end":{"line":56,"column":6}},"24":{"start":{"line":57,"column":4},"end":{"line":57,"column":40}},"25":{"start":{"line":58,"column":4},"end":{"line":58,"column":73}},"26":{"start":{"line":58,"column":58},"end":{"line":58,"column":71}},"27":{"start":{"line":59,"column":4},"end":{"line":59,"column":65}},"28":{"start":{"line":59,"column":56},"end":{"line":59,"column":63}},"29":{"start":{"line":60,"column":4},"end":{"line":60,"column":41}},"30":{"start":{"line":62,"column":4},"end":{"line":62,"column":19}},"31":{"start":{"line":66,"column":0},"end":{"line":91,"column":3}},"32":{"start":{"line":68,"column":2},"end":{"line":90,"column":3}},"33":{"start":{"line":69,"column":18},"end":{"line":74,"column":5}},"34":{"start":{"line":76,"column":24},"end":{"line":76,"column":65}},"35":{"start":{"line":77,"column":21},"end":{"line":80,"column":5}},"36":{"start":{"line":81,"column":20},"end":{"line":83,"column":6}},"37":{"start":{"line":84,"column":4},"end":{"line":84,"column":40}},"38":{"start":{"line":85,"column":4},"end":{"line":85,"column":73}},"39":{"start":{"line":85,"column":58},"end":{"line":85,"column":71}},"40":{"start":{"line":86,"column":4},"end":{"line":86,"column":65}},"41":{"start":{"line":86,"column":56},"end":{"line":86,"column":63}},"42":{"start":{"line":87,"column":4},"end":{"line":87,"column":41}},"43":{"start":{"line":89,"column":4},"end":{"line":89,"column":19}},"44":{"start":{"line":93,"column":0},"end":{"line":116,"column":3}},"45":{"start":{"line":95,"column":2},"end":{"line":115,"column":3}},"46":{"start":{"line":96,"column":24},"end":{"line":99,"column":5}},"47":{"start":{"line":100,"column":21},"end":{"line":103,"column":5}},"48":{"start":{"line":104,"column":20},"end":{"line":106,"column":6}},"49":{"start":{"line":107,"column":4},"end":{"line":107,"column":73}},"50":{"start":{"line":107,"column":58},"end":{"line":107,"column":71}},"51":{"start":{"line":108,"column":4},"end":{"line":108,"column":65}},"52":{"start":{"line":108,"column":56},"end":{"line":108,"column":63}},"53":{"start":{"line":109,"column":4},"end":{"line":111,"column":7}},"54":{"start":{"line":112,"column":4},"end":{"line":112,"column":41}},"55":{"start":{"line":114,"column":4},"end":{"line":114,"column":19}},"56":{"start":{"line":118,"column":0},"end":{"line":118,"column":24}}},"fnMap":{"0":{"name":"(anonymous_0)","decl":{"start":{"line":12,"column":37},"end":{"line":12,"column":38}},"loc":{"start":{"line":12,"column":63},"end":{"line":20,"column":1}},"line":12},"1":{"name":"(anonymous_1)","decl":{"start":{"line":22,"column":16},"end":{"line":22,"column":17}},"loc":{"start":{"line":22,"column":42},"end":{"line":41,"column":1}},"line":22},"2":{"name":"(anonymous_2)","decl":{"start":{"line":43,"column":45},"end":{"line":43,"column":46}},"loc":{"start":{"line":43,"column":71},"end":{"line":64,"column":1}},"line":43},"3":{"name":"(anonymous_3)","decl":{"start":{"line":58,"column":50},"end":{"line":58,"column":51}},"loc":{"start":{"line":58,"column":58},"end":{"line":58,"column":71}},"line":58},"4":{"name":"(anonymous_4)","decl":{"start":{"line":59,"column":48},"end":{"line":59,"column":49}},"loc":{"start":{"line":59,"column":56},"end":{"line":59,"column":63}},"line":59},"5":{"name":"(anonymous_5)","decl":{"start":{"line":66,"column":48},"end":{"line":66,"column":49}},"loc":{"start":{"line":66,"column":74},"end":{"line":91,"column":1}},"line":66},"6":{"name":"(anonymous_6)","decl":{"start":{"line":85,"column":50},"end":{"line":85,"column":51}},"loc":{"start":{"line":85,"column":58},"end":{"line":85,"column":71}},"line":85},"7":{"name":"(anonymous_7)","decl":{"start":{"line":86,"column":48},"end":{"line":86,"column":49}},"loc":{"start":{"line":86,"column":56},"end":{"line":86,"column":63}},"line":86},"8":{"name":"(anonymous_8)","decl":{"start":{"line":93,"column":49},"end":{"line":93,"column":50}},"loc":{"start":{"line":93,"column":75},"end":{"line":116,"column":1}},"line":93},"9":{"name":"(anonymous_9)","decl":{"start":{"line":107,"column":50},"end":{"line":107,"column":51}},"loc":{"start":{"line":107,"column":58},"end":{"line":107,"column":71}},"line":107},"10":{"name":"(anonymous_10)","decl":{"start":{"line":108,"column":48},"end":{"line":108,"column":49}},"loc":{"start":{"line":108,"column":56},"end":{"line":108,"column":63}},"line":108}},"branchMap":{},"s":{"0":3,"1":3,"2":3,"3":3,"4":3,"5":3,"6":3,"7":3,"8":2,"9":2,"10":2,"11":0,"12":3,"13":1,"14":1,"15":1,"16":1,"17":1,"18":0,"19":3,"20":1,"21":1,"22":1,"23":1,"24":1,"25":1,"26":0,"27":1,"28":0,"29":1,"30":0,"31":3,"32":1,"33":1,"34":1,"35":1,"36":1,"37":1,"38":1,"39":0,"40":1,"41":0,"42":1,"43":0,"44":3,"45":1,"46":1,"47":1,"48":1,"49":1,"50":0,"51":1,"52":0,"53":1,"54":1,"55":0,"56":3},"f":{"0":2,"1":1,"2":1,"3":0,"4":0,"5":1,"6":0,"7":0,"8":1,"9":0,"10":0},"b":{},"_coverageSchema":"332fd63041d2c1bcb487cc26dd0d5f7d97098a6c","hash":"6399d994125bcff05fa3145028515265fcb1943d"}
,"/Users/tyler/rithm/rithm/linked-list/routes/jobs.js": {"path":"/Users/tyler/rithm/rithm/linked-list/routes/jobs.js","statementMap":{"0":{"start":{"line":1,"column":16},"end":{"line":1,"column":34}},"1":{"start":{"line":2,"column":15},"end":{"line":2,"column":31}},"2":{"start":{"line":3,"column":11},"end":{"line":3,"column":27}},"3":{"start":{"line":4,"column":32},"end":{"line":4,"column":69}},"4":{"start":{"line":10,"column":4},"end":{"line":10,"column":33}},"5":{"start":{"line":12,"column":0},"end":{"line":21,"column":3}},"6":{"start":{"line":14,"column":2},"end":{"line":20,"column":3}},"7":{"start":{"line":15,"column":17},"end":{"line":15,"column":53}},"8":{"start":{"line":16,"column":4},"end":{"line":16,"column":46}},"9":{"start":{"line":16,"column":30},"end":{"line":16,"column":44}},"10":{"start":{"line":17,"column":4},"end":{"line":17,"column":31}},"11":{"start":{"line":19,"column":4},"end":{"line":19,"column":19}},"12":{"start":{"line":23,"column":0},"end":{"line":37,"column":3}},"13":{"start":{"line":25,"column":2},"end":{"line":36,"column":3}},"14":{"start":{"line":26,"column":20},"end":{"line":26,"column":31}},"15":{"start":{"line":28,"column":17},"end":{"line":31,"column":5}},"16":{"start":{"line":32,"column":4},"end":{"line":32,"column":27}},"17":{"start":{"line":33,"column":4},"end":{"line":33,"column":34}},"18":{"start":{"line":35,"column":4},"end":{"line":35,"column":19}},"19":{"start":{"line":39,"column":0},"end":{"line":50,"column":3}},"20":{"start":{"line":41,"column":2},"end":{"line":49,"column":3}},"21":{"start":{"line":42,"column":17},"end":{"line":44,"column":6}},"22":{"start":{"line":45,"column":4},"end":{"line":45,"column":27}},"23":{"start":{"line":46,"column":4},"end":{"line":46,"column":34}},"24":{"start":{"line":48,"column":4},"end":{"line":48,"column":19}},"25":{"start":{"line":52,"column":0},"end":{"line":79,"column":3}},"26":{"start":{"line":54,"column":2},"end":{"line":78,"column":3}},"27":{"start":{"line":55,"column":20},"end":{"line":57,"column":6}},"28":{"start":{"line":59,"column":4},"end":{"line":64,"column":5}},"29":{"start":{"line":60,"column":24},"end":{"line":60,"column":79}},"30":{"start":{"line":61,"column":6},"end":{"line":61,"column":29}},"31":{"start":{"line":62,"column":6},"end":{"line":62,"column":36}},"32":{"start":{"line":63,"column":6},"end":{"line":63,"column":22}},"33":{"start":{"line":66,"column":18},"end":{"line":71,"column":5}},"34":{"start":{"line":72,"column":24},"end":{"line":72,"column":65}},"35":{"start":{"line":74,"column":4},"end":{"line":74,"column":34}},"36":{"start":{"line":75,"column":4},"end":{"line":75,"column":41}},"37":{"start":{"line":77,"column":4},"end":{"line":77,"column":19}},"38":{"start":{"line":81,"column":0},"end":{"line":101,"column":3}},"39":{"start":{"line":83,"column":2},"end":{"line":100,"column":3}},"40":{"start":{"line":84,"column":20},"end":{"line":86,"column":6}},"41":{"start":{"line":88,"column":4},"end":{"line":93,"column":5}},"42":{"start":{"line":89,"column":24},"end":{"line":89,"column":79}},"43":{"start":{"line":90,"column":6},"end":{"line":90,"column":29}},"44":{"start":{"line":91,"column":6},"end":{"line":91,"column":36}},"45":{"start":{"line":92,"column":6},"end":{"line":92,"column":22}},"46":{"start":{"line":95,"column":4},"end":{"line":95,"column":70}},"47":{"start":{"line":96,"column":4},"end":{"line":96,"column":30}},"48":{"start":{"line":97,"column":4},"end":{"line":97,"column":37}},"49":{"start":{"line":99,"column":4},"end":{"line":99,"column":19}},"50":{"start":{"line":103,"column":0},"end":{"line":113,"column":3}},"51":{"start":{"line":104,"column":2},"end":{"line":112,"column":3}},"52":{"start":{"line":105,"column":24},"end":{"line":108,"column":5}},"53":{"start":{"line":109,"column":4},"end":{"line":109,"column":66}},"54":{"start":{"line":111,"column":4},"end":{"line":111,"column":12}},"55":{"start":{"line":115,"column":0},"end":{"line":142,"column":3}},"56":{"start":{"line":116,"column":2},"end":{"line":141,"column":3}},"57":{"start":{"line":117,"column":4},"end":{"line":138,"column":5}},"58":{"start":{"line":118,"column":26},"end":{"line":121,"column":7}},"59":{"start":{"line":122,"column":6},"end":{"line":130,"column":7}},"60":{"start":{"line":123,"column":8},"end":{"line":123,"column":26}},"61":{"start":{"line":125,"column":34},"end":{"line":128,"column":9}},"62":{"start":{"line":129,"column":8},"end":{"line":129,"column":78}},"63":{"start":{"line":131,"column":11},"end":{"line":138,"column":5}},"64":{"start":{"line":132,"column":24},"end":{"line":135,"column":7}},"65":{"start":{"line":137,"column":6},"end":{"line":137,"column":24}},"66":{"start":{"line":140,"column":4},"end":{"line":140,"column":12}},"67":{"start":{"line":144,"column":0},"end":{"line":144,"column":24}}},"fnMap":{"0":{"name":"(anonymous_0)","decl":{"start":{"line":12,"column":37},"end":{"line":12,"column":38}},"loc":{"start":{"line":12,"column":63},"end":{"line":21,"column":1}},"line":12},"1":{"name":"(anonymous_1)","decl":{"start":{"line":16,"column":22},"end":{"line":16,"column":23}},"loc":{"start":{"line":16,"column":30},"end":{"line":16,"column":44}},"line":16},"2":{"name":"(anonymous_2)","decl":{"start":{"line":23,"column":45},"end":{"line":23,"column":46}},"loc":{"start":{"line":23,"column":71},"end":{"line":37,"column":1}},"line":23},"3":{"name":"(anonymous_3)","decl":{"start":{"line":39,"column":41},"end":{"line":39,"column":42}},"loc":{"start":{"line":39,"column":67},"end":{"line":50,"column":1}},"line":39},"4":{"name":"(anonymous_4)","decl":{"start":{"line":52,"column":50},"end":{"line":52,"column":51}},"loc":{"start":{"line":52,"column":76},"end":{"line":79,"column":1}},"line":52},"5":{"name":"(anonymous_5)","decl":{"start":{"line":81,"column":51},"end":{"line":81,"column":52}},"loc":{"start":{"line":81,"column":77},"end":{"line":101,"column":1}},"line":81},"6":{"name":"(anonymous_6)","decl":{"start":{"line":103,"column":52},"end":{"line":103,"column":53}},"loc":{"start":{"line":103,"column":78},"end":{"line":113,"column":1}},"line":103},"7":{"name":"(anonymous_7)","decl":{"start":{"line":115,"column":50},"end":{"line":115,"column":51}},"loc":{"start":{"line":115,"column":76},"end":{"line":142,"column":1}},"line":115}},"branchMap":{"0":{"loc":{"start":{"line":59,"column":4},"end":{"line":64,"column":5}},"type":"if","locations":[{"start":{"line":59,"column":4},"end":{"line":64,"column":5}},{"start":{"line":59,"column":4},"end":{"line":64,"column":5}}],"line":59},"1":{"loc":{"start":{"line":88,"column":4},"end":{"line":93,"column":5}},"type":"if","locations":[{"start":{"line":88,"column":4},"end":{"line":93,"column":5}},{"start":{"line":88,"column":4},"end":{"line":93,"column":5}}],"line":88},"2":{"loc":{"start":{"line":117,"column":4},"end":{"line":138,"column":5}},"type":"if","locations":[{"start":{"line":117,"column":4},"end":{"line":138,"column":5}},{"start":{"line":117,"column":4},"end":{"line":138,"column":5}}],"line":117},"3":{"loc":{"start":{"line":122,"column":6},"end":{"line":130,"column":7}},"type":"if","locations":[{"start":{"line":122,"column":6},"end":{"line":130,"column":7}},{"start":{"line":122,"column":6},"end":{"line":130,"column":7}}],"line":122},"4":{"loc":{"start":{"line":131,"column":11},"end":{"line":138,"column":5}},"type":"if","locations":[{"start":{"line":131,"column":11},"end":{"line":138,"column":5}},{"start":{"line":131,"column":11},"end":{"line":138,"column":5}}],"line":131}},"s":{"0":3,"1":3,"2":3,"3":3,"4":3,"5":3,"6":2,"7":2,"8":2,"9":3,"10":2,"11":0,"12":3,"13":1,"14":1,"15":1,"16":1,"17":1,"18":0,"19":3,"20":1,"21":1,"22":1,"23":1,"24":0,"25":3,"26":2,"27":2,"28":2,"29":1,"30":1,"31":1,"32":1,"33":1,"34":1,"35":1,"36":1,"37":1,"38":3,"39":2,"40":2,"41":2,"42":1,"43":1,"44":1,"45":1,"46":1,"47":1,"48":1,"49":1,"50":3,"51":2,"52":2,"53":2,"54":0,"55":3,"56":1,"57":1,"58":1,"59":1,"60":0,"61":1,"62":1,"63":0,"64":0,"65":0,"66":0,"67":3},"f":{"0":2,"1":3,"2":1,"3":1,"4":2,"5":2,"6":2,"7":1},"b":{"0":[1,1],"1":[1,1],"2":[1,0],"3":[0,1],"4":[0,0]},"_coverageSchema":"332fd63041d2c1bcb487cc26dd0d5f7d97098a6c","hash":"5cca9aea57437a9d0cf1256f791b1642c89aba02"}
,"/Users/tyler/rithm/rithm/linked-list/routes/users.js": {"path":"/Users/tyler/rithm/rithm/linked-list/routes/users.js","statementMap":{"0":{"start":{"line":1,"column":16},"end":{"line":1,"column":34}},"1":{"start":{"line":2,"column":15},"end":{"line":2,"column":31}},"2":{"start":{"line":3,"column":11},"end":{"line":3,"column":27}},"3":{"start":{"line":4,"column":15},"end":{"line":4,"column":32}},"4":{"start":{"line":5,"column":12},"end":{"line":5,"column":35}},"5":{"start":{"line":9,"column":4},"end":{"line":9,"column":33}},"6":{"start":{"line":10,"column":32},"end":{"line":10,"column":69}},"7":{"start":{"line":12,"column":0},"end":{"line":25,"column":3}},"8":{"start":{"line":14,"column":2},"end":{"line":24,"column":3}},"9":{"start":{"line":15,"column":17},"end":{"line":17,"column":5}},"10":{"start":{"line":21,"column":4},"end":{"line":21,"column":31}},"11":{"start":{"line":23,"column":4},"end":{"line":23,"column":19}},"12":{"start":{"line":27,"column":0},"end":{"line":52,"column":3}},"13":{"start":{"line":29,"column":2},"end":{"line":51,"column":3}},"14":{"start":{"line":30,"column":4},"end":{"line":32,"column":5}},"15":{"start":{"line":34,"column":27},"end":{"line":34,"column":67}},"16":{"start":{"line":35,"column":17},"end":{"line":45,"column":5}},"17":{"start":{"line":47,"column":4},"end":{"line":47,"column":33}},"18":{"start":{"line":48,"column":4},"end":{"line":48,"column":34}},"19":{"start":{"line":50,"column":4},"end":{"line":50,"column":19}},"20":{"start":{"line":54,"column":0},"end":{"line":65,"column":3}},"21":{"start":{"line":56,"column":2},"end":{"line":64,"column":3}},"22":{"start":{"line":57,"column":17},"end":{"line":59,"column":6}},"23":{"start":{"line":60,"column":4},"end":{"line":60,"column":33}},"24":{"start":{"line":61,"column":4},"end":{"line":61,"column":34}},"25":{"start":{"line":63,"column":4},"end":{"line":63,"column":19}},"26":{"start":{"line":67,"column":0},"end":{"line":84,"column":3}},"27":{"start":{"line":69,"column":2},"end":{"line":83,"column":3}},"28":{"start":{"line":70,"column":18},"end":{"line":75,"column":5}},"29":{"start":{"line":76,"column":4},"end":{"line":76,"column":23}},"30":{"start":{"line":77,"column":17},"end":{"line":77,"column":58}},"31":{"start":{"line":79,"column":4},"end":{"line":79,"column":33}},"32":{"start":{"line":80,"column":4},"end":{"line":80,"column":34}},"33":{"start":{"line":82,"column":4},"end":{"line":82,"column":19}},"34":{"start":{"line":86,"column":0},"end":{"line":99,"column":3}},"35":{"start":{"line":88,"column":2},"end":{"line":98,"column":3}},"36":{"start":{"line":89,"column":17},"end":{"line":91,"column":6}},"37":{"start":{"line":92,"column":4},"end":{"line":94,"column":7}},"38":{"start":{"line":95,"column":4},"end":{"line":95,"column":34}},"39":{"start":{"line":97,"column":4},"end":{"line":97,"column":19}},"40":{"start":{"line":101,"column":0},"end":{"line":101,"column":24}}},"fnMap":{"0":{"name":"(anonymous_0)","decl":{"start":{"line":12,"column":37},"end":{"line":12,"column":38}},"loc":{"start":{"line":12,"column":63},"end":{"line":25,"column":1}},"line":12},"1":{"name":"(anonymous_1)","decl":{"start":{"line":27,"column":16},"end":{"line":27,"column":17}},"loc":{"start":{"line":27,"column":42},"end":{"line":52,"column":1}},"line":27},"2":{"name":"(anonymous_2)","decl":{"start":{"line":54,"column":47},"end":{"line":54,"column":48}},"loc":{"start":{"line":54,"column":73},"end":{"line":65,"column":1}},"line":54},"3":{"name":"(anonymous_3)","decl":{"start":{"line":67,"column":47},"end":{"line":67,"column":48}},"loc":{"start":{"line":67,"column":73},"end":{"line":84,"column":1}},"line":67},"4":{"name":"(anonymous_4)","decl":{"start":{"line":86,"column":48},"end":{"line":86,"column":49}},"loc":{"start":{"line":86,"column":74},"end":{"line":99,"column":1}},"line":86}},"branchMap":{"0":{"loc":{"start":{"line":30,"column":4},"end":{"line":32,"column":5}},"type":"if","locations":[{"start":{"line":30,"column":4},"end":{"line":32,"column":5}},{"start":{"line":30,"column":4},"end":{"line":32,"column":5}}],"line":30}},"s":{"0":3,"1":3,"2":3,"3":3,"4":3,"5":3,"6":3,"7":3,"8":2,"9":2,"10":2,"11":0,"12":3,"13":1,"14":1,"15":1,"16":1,"17":1,"18":1,"19":0,"20":3,"21":1,"22":1,"23":1,"24":1,"25":0,"26":3,"27":1,"28":1,"29":1,"30":1,"31":1,"32":1,"33":0,"34":3,"35":1,"36":1,"37":1,"38":1,"39":0,"40":3},"f":{"0":2,"1":1,"2":1,"3":1,"4":1},"b":{"0":[0,1]},"_coverageSchema":"332fd63041d2c1bcb487cc26dd0d5f7d97098a6c","hash":"8f4a39a1352ee6fbe65168b79df5f9881e8cf5d3"}
}
