{"/Users/jason/repos/rithm/linked-list/index.js": {"path":"/Users/jason/repos/rithm/linked-list/index.js","statementMap":{"0":{"start":{"line":2,"column":16},"end":{"line":2,"column":34}},"1":{"start":{"line":3,"column":19},"end":{"line":3,"column":41}},"2":{"start":{"line":4,"column":15},"end":{"line":4,"column":32}},"3":{"start":{"line":5,"column":13},"end":{"line":5,"column":28}},"4":{"start":{"line":8,"column":19},"end":{"line":8,"column":44}},"5":{"start":{"line":9,"column":24},"end":{"line":9,"column":53}},"6":{"start":{"line":10,"column":19},"end":{"line":10,"column":43}},"7":{"start":{"line":11,"column":19},"end":{"line":11,"column":43}},"8":{"start":{"line":13,"column":12},"end":{"line":13,"column":21}},"9":{"start":{"line":16,"column":0},"end":{"line":16,"column":27}},"10":{"start":{"line":17,"column":0},"end":{"line":17,"column":23}},"11":{"start":{"line":18,"column":0},"end":{"line":18,"column":16}},"12":{"start":{"line":21,"column":0},"end":{"line":21,"column":30}},"13":{"start":{"line":22,"column":0},"end":{"line":22,"column":39}},"14":{"start":{"line":23,"column":0},"end":{"line":23,"column":29}},"15":{"start":{"line":24,"column":0},"end":{"line":24,"column":24}},"16":{"start":{"line":27,"column":0},"end":{"line":31,"column":3}},"17":{"start":{"line":28,"column":14},"end":{"line":28,"column":36}},"18":{"start":{"line":29,"column":2},"end":{"line":29,"column":19}},"19":{"start":{"line":30,"column":2},"end":{"line":30,"column":19}},"20":{"start":{"line":38,"column":0},"end":{"line":44,"column":3}},"21":{"start":{"line":39,"column":2},"end":{"line":39,"column":32}},"22":{"start":{"line":40,"column":2},"end":{"line":43,"column":5}},"23":{"start":{"line":46,"column":0},"end":{"line":46,"column":21}}},"fnMap":{"0":{"name":"(anonymous_0)","decl":{"start":{"line":27,"column":8},"end":{"line":27,"column":9}},"loc":{"start":{"line":27,"column":28},"end":{"line":31,"column":1}},"line":27},"1":{"name":"(anonymous_1)","decl":{"start":{"line":38,"column":8},"end":{"line":38,"column":9}},"loc":{"start":{"line":38,"column":33},"end":{"line":44,"column":1}},"line":38}},"branchMap":{"0":{"loc":{"start":{"line":39,"column":13},"end":{"line":39,"column":30}},"type":"binary-expr","locations":[{"start":{"line":39,"column":13},"end":{"line":39,"column":23}},{"start":{"line":39,"column":27},"end":{"line":39,"column":30}}],"line":39},"1":{"loc":{"start":{"line":42,"column":11},"end":{"line":42,"column":54}},"type":"cond-expr","locations":[{"start":{"line":42,"column":46},"end":{"line":42,"column":49}},{"start":{"line":42,"column":52},"end":{"line":42,"column":54}}],"line":42}},"s":{"0":3,"1":3,"2":3,"3":3,"4":3,"5":3,"6":3,"7":3,"8":3,"9":3,"10":3,"11":3,"12":3,"13":3,"14":3,"15":3,"16":3,"17":0,"18":0,"19":0,"20":3,"21":18,"22":18,"23":3},"f":{"0":0,"1":18},"b":{"0":[18,0],"1":[0,18]},"_coverageSchema":"332fd63041d2c1bcb487cc26dd0d5f7d97098a6c","hash":"1d0c55f99a579fbde3f1bc88aa7d2f7967f28c21"}
,"/Users/jason/repos/rithm/linked-list/db/index.js": {"path":"/Users/jason/repos/rithm/linked-list/db/index.js","statementMap":{"0":{"start":{"line":1,"column":19},"end":{"line":1,"column":32}},"1":{"start":{"line":4,"column":2},"end":{"line":4,"column":76}},"2":{"start":{"line":5,"column":15},"end":{"line":7,"column":2}},"3":{"start":{"line":9,"column":0},"end":{"line":9,"column":17}},"4":{"start":{"line":11,"column":0},"end":{"line":11,"column":24}}},"fnMap":{},"branchMap":{"0":{"loc":{"start":{"line":4,"column":2},"end":{"line":4,"column":76}},"type":"cond-expr","locations":[{"start":{"line":4,"column":36},"end":{"line":4,"column":57}},{"start":{"line":4,"column":60},"end":{"line":4,"column":76}}],"line":4}},"s":{"0":3,"1":3,"2":3,"3":3,"4":3},"f":{},"b":{"0":[3,0]},"_coverageSchema":"332fd63041d2c1bcb487cc26dd0d5f7d97098a6c","hash":"89611e958d9069b3c2d181bb6657cc5aded41365"}
,"/Users/jason/repos/rithm/linked-list/helpers/selective_query.js": {"path":"/Users/jason/repos/rithm/linked-list/helpers/selective_query.js","statementMap":{"0":{"start":{"line":1,"column":15},"end":{"line":1,"column":32}},"1":{"start":{"line":12,"column":2},"end":{"line":15,"column":3}},"2":{"start":{"line":13,"column":27},"end":{"line":13,"column":64}},"3":{"start":{"line":14,"column":4},"end":{"line":14,"column":36}},"4":{"start":{"line":16,"column":12},"end":{"line":16,"column":13}},"5":{"start":{"line":18,"column":19},"end":{"line":18,"column":41}},"6":{"start":{"line":21,"column":16},"end":{"line":21,"column":18}},"7":{"start":{"line":22,"column":2},"end":{"line":24,"column":3}},"8":{"start":{"line":23,"column":4},"end":{"line":23,"column":40}},"9":{"start":{"line":27,"column":19},"end":{"line":27,"column":54}},"10":{"start":{"line":30,"column":14},"end":{"line":30,"column":58}},"11":{"start":{"line":31,"column":15},"end":{"line":31,"column":35}},"12":{"start":{"line":32,"column":2},"end":{"line":32,"column":21}},"13":{"start":{"line":34,"column":2},"end":{"line":34,"column":27}},"14":{"start":{"line":37,"column":0},"end":{"line":37,"column":41}}},"fnMap":{"0":{"name":"selectivePatchQuery","decl":{"start":{"line":10,"column":15},"end":{"line":10,"column":34}},"loc":{"start":{"line":10,"column":61},"end":{"line":35,"column":1}},"line":10}},"branchMap":{"0":{"loc":{"start":{"line":12,"column":2},"end":{"line":15,"column":3}},"type":"if","locations":[{"start":{"line":12,"column":2},"end":{"line":15,"column":3}},{"start":{"line":12,"column":2},"end":{"line":15,"column":3}}],"line":12}},"s":{"0":3,"1":3,"2":2,"3":2,"4":3,"5":3,"6":3,"7":3,"8":7,"9":3,"10":3,"11":3,"12":3,"13":3,"14":3},"f":{"0":3},"b":{"0":[2,1]},"_coverageSchema":"332fd63041d2c1bcb487cc26dd0d5f7d97098a6c","hash":"37fc422a50105c4dcec30d5390f56aa1909dc7e6"}
,"/Users/jason/repos/rithm/linked-list/middleware/auth.js": {"path":"/Users/jason/repos/rithm/linked-list/middleware/auth.js","statementMap":{"0":{"start":{"line":1,"column":12},"end":{"line":1,"column":35}},"1":{"start":{"line":5,"column":2},"end":{"line":17,"column":3}},"2":{"start":{"line":6,"column":18},"end":{"line":6,"column":43}},"3":{"start":{"line":7,"column":25},"end":{"line":7,"column":65}},"4":{"start":{"line":8,"column":4},"end":{"line":8,"column":36}},"5":{"start":{"line":9,"column":4},"end":{"line":9,"column":18}},"6":{"start":{"line":11,"column":25},"end":{"line":13,"column":5}},"7":{"start":{"line":14,"column":4},"end":{"line":14,"column":30}},"8":{"start":{"line":15,"column":4},"end":{"line":15,"column":40}},"9":{"start":{"line":16,"column":4},"end":{"line":16,"column":30}},"10":{"start":{"line":21,"column":2},"end":{"line":33,"column":3}},"11":{"start":{"line":22,"column":18},"end":{"line":22,"column":43}},"12":{"start":{"line":23,"column":25},"end":{"line":23,"column":65}},"13":{"start":{"line":24,"column":4},"end":{"line":27,"column":5}},"14":{"start":{"line":25,"column":6},"end":{"line":25,"column":43}},"15":{"start":{"line":26,"column":6},"end":{"line":26,"column":20}},"16":{"start":{"line":29,"column":25},"end":{"line":29,"column":74}},"17":{"start":{"line":30,"column":4},"end":{"line":30,"column":30}},"18":{"start":{"line":31,"column":4},"end":{"line":31,"column":40}},"19":{"start":{"line":32,"column":4},"end":{"line":32,"column":30}},"20":{"start":{"line":36,"column":2},"end":{"line":48,"column":3}},"21":{"start":{"line":37,"column":18},"end":{"line":37,"column":43}},"22":{"start":{"line":38,"column":25},"end":{"line":38,"column":65}},"23":{"start":{"line":39,"column":4},"end":{"line":42,"column":5}},"24":{"start":{"line":40,"column":6},"end":{"line":40,"column":40}},"25":{"start":{"line":41,"column":6},"end":{"line":41,"column":20}},"26":{"start":{"line":44,"column":25},"end":{"line":44,"column":78}},"27":{"start":{"line":45,"column":4},"end":{"line":45,"column":30}},"28":{"start":{"line":46,"column":4},"end":{"line":46,"column":40}},"29":{"start":{"line":47,"column":4},"end":{"line":47,"column":30}},"30":{"start":{"line":53,"column":2},"end":{"line":66,"column":3}},"31":{"start":{"line":54,"column":18},"end":{"line":54,"column":43}},"32":{"start":{"line":55,"column":25},"end":{"line":55,"column":65}},"33":{"start":{"line":56,"column":4},"end":{"line":60,"column":5}},"34":{"start":{"line":57,"column":6},"end":{"line":57,"column":20}},"35":{"start":{"line":59,"column":6},"end":{"line":59,"column":24}},"36":{"start":{"line":62,"column":22},"end":{"line":62,"column":79}},"37":{"start":{"line":63,"column":4},"end":{"line":63,"column":27}},"38":{"start":{"line":64,"column":4},"end":{"line":64,"column":34}},"39":{"start":{"line":65,"column":4},"end":{"line":65,"column":27}},"40":{"start":{"line":71,"column":2},"end":{"line":85,"column":3}},"41":{"start":{"line":72,"column":18},"end":{"line":72,"column":43}},"42":{"start":{"line":73,"column":25},"end":{"line":73,"column":65}},"43":{"start":{"line":74,"column":4},"end":{"line":79,"column":5}},"44":{"start":{"line":76,"column":6},"end":{"line":76,"column":20}},"45":{"start":{"line":78,"column":6},"end":{"line":78,"column":24}},"46":{"start":{"line":81,"column":22},"end":{"line":81,"column":79}},"47":{"start":{"line":82,"column":4},"end":{"line":82,"column":27}},"48":{"start":{"line":83,"column":4},"end":{"line":83,"column":34}},"49":{"start":{"line":84,"column":4},"end":{"line":84,"column":27}},"50":{"start":{"line":88,"column":0},"end":{"line":94,"column":2}}},"fnMap":{"0":{"name":"requireAuthorization","decl":{"start":{"line":3,"column":9},"end":{"line":3,"column":29}},"loc":{"start":{"line":3,"column":46},"end":{"line":18,"column":1}},"line":3},"1":{"name":"requireUserAuthorization","decl":{"start":{"line":20,"column":9},"end":{"line":20,"column":33}},"loc":{"start":{"line":20,"column":50},"end":{"line":34,"column":1}},"line":20},"2":{"name":"requireCompanyAuthorization","decl":{"start":{"line":35,"column":9},"end":{"line":35,"column":36}},"loc":{"start":{"line":35,"column":53},"end":{"line":49,"column":1}},"line":35},"3":{"name":"requireCorrectUser","decl":{"start":{"line":51,"column":9},"end":{"line":51,"column":27}},"loc":{"start":{"line":51,"column":44},"end":{"line":67,"column":1}},"line":51},"4":{"name":"requireCorrectCompany","decl":{"start":{"line":69,"column":9},"end":{"line":69,"column":30}},"loc":{"start":{"line":69,"column":47},"end":{"line":86,"column":1}},"line":69}},"branchMap":{"0":{"loc":{"start":{"line":24,"column":4},"end":{"line":27,"column":5}},"type":"if","locations":[{"start":{"line":24,"column":4},"end":{"line":27,"column":5}},{"start":{"line":24,"column":4},"end":{"line":27,"column":5}}],"line":24},"1":{"loc":{"start":{"line":39,"column":4},"end":{"line":42,"column":5}},"type":"if","locations":[{"start":{"line":39,"column":4},"end":{"line":42,"column":5}},{"start":{"line":39,"column":4},"end":{"line":42,"column":5}}],"line":39},"2":{"loc":{"start":{"line":56,"column":4},"end":{"line":60,"column":5}},"type":"if","locations":[{"start":{"line":56,"column":4},"end":{"line":60,"column":5}},{"start":{"line":56,"column":4},"end":{"line":60,"column":5}}],"line":56},"3":{"loc":{"start":{"line":74,"column":4},"end":{"line":79,"column":5}},"type":"if","locations":[{"start":{"line":74,"column":4},"end":{"line":79,"column":5}},{"start":{"line":74,"column":4},"end":{"line":79,"column":5}}],"line":74}},"s":{"0":3,"1":30,"2":30,"3":30,"4":28,"5":28,"6":2,"7":2,"8":2,"9":2,"10":28,"11":28,"12":28,"13":28,"14":28,"15":28,"16":0,"17":0,"18":0,"19":0,"20":5,"21":5,"22":5,"23":5,"24":5,"25":5,"26":0,"27":0,"28":0,"29":0,"30":5,"31":5,"32":5,"33":5,"34":3,"35":2,"36":2,"37":2,"38":2,"39":2,"40":4,"41":4,"42":4,"43":4,"44":2,"45":2,"46":2,"47":2,"48":2,"49":2,"50":3},"f":{"0":30,"1":28,"2":5,"3":5,"4":4},"b":{"0":[28,0],"1":[5,0],"2":[3,2],"3":[2,2]},"_coverageSchema":"332fd63041d2c1bcb487cc26dd0d5f7d97098a6c","hash":"62ac1aee64f42cf0c9f1bef0bf2d8a35d39e17c6"}
,"/Users/jason/repos/rithm/linked-list/routes/auth.js": {"path":"/Users/jason/repos/rithm/linked-list/routes/auth.js","statementMap":{"0":{"start":{"line":1,"column":16},"end":{"line":1,"column":34}},"1":{"start":{"line":2,"column":15},"end":{"line":2,"column":31}},"2":{"start":{"line":3,"column":11},"end":{"line":3,"column":27}},"3":{"start":{"line":4,"column":15},"end":{"line":4,"column":32}},"4":{"start":{"line":5,"column":12},"end":{"line":5,"column":35}},"5":{"start":{"line":10,"column":4},"end":{"line":10,"column":33}},"6":{"start":{"line":13,"column":0},"end":{"line":40,"column":3}},"7":{"start":{"line":15,"column":2},"end":{"line":39,"column":3}},"8":{"start":{"line":16,"column":21},"end":{"line":18,"column":6}},"9":{"start":{"line":19,"column":4},"end":{"line":36,"column":5}},"10":{"start":{"line":20,"column":20},"end":{"line":23,"column":7}},"11":{"start":{"line":24,"column":6},"end":{"line":33,"column":7}},"12":{"start":{"line":25,"column":22},"end":{"line":28,"column":9}},"13":{"start":{"line":29,"column":8},"end":{"line":29,"column":35}},"14":{"start":{"line":32,"column":8},"end":{"line":32,"column":57}},"15":{"start":{"line":35,"column":6},"end":{"line":35,"column":55}},"16":{"start":{"line":38,"column":4},"end":{"line":38,"column":19}},"17":{"start":{"line":44,"column":0},"end":{"line":72,"column":3}},"18":{"start":{"line":46,"column":2},"end":{"line":71,"column":3}},"19":{"start":{"line":47,"column":24},"end":{"line":50,"column":5}},"20":{"start":{"line":51,"column":4},"end":{"line":68,"column":5}},"21":{"start":{"line":52,"column":20},"end":{"line":55,"column":7}},"22":{"start":{"line":56,"column":6},"end":{"line":65,"column":7}},"23":{"start":{"line":57,"column":22},"end":{"line":60,"column":9}},"24":{"start":{"line":61,"column":8},"end":{"line":61,"column":35}},"25":{"start":{"line":64,"column":8},"end":{"line":64,"column":57}},"26":{"start":{"line":67,"column":6},"end":{"line":67,"column":53}},"27":{"start":{"line":70,"column":4},"end":{"line":70,"column":19}},"28":{"start":{"line":74,"column":0},"end":{"line":74,"column":24}}},"fnMap":{"0":{"name":"(anonymous_0)","decl":{"start":{"line":13,"column":26},"end":{"line":13,"column":27}},"loc":{"start":{"line":13,"column":52},"end":{"line":40,"column":1}},"line":13},"1":{"name":"(anonymous_1)","decl":{"start":{"line":44,"column":29},"end":{"line":44,"column":30}},"loc":{"start":{"line":44,"column":55},"end":{"line":72,"column":1}},"line":44}},"branchMap":{"0":{"loc":{"start":{"line":19,"column":4},"end":{"line":36,"column":5}},"type":"if","locations":[{"start":{"line":19,"column":4},"end":{"line":36,"column":5}},{"start":{"line":19,"column":4},"end":{"line":36,"column":5}}],"line":19},"1":{"loc":{"start":{"line":24,"column":6},"end":{"line":33,"column":7}},"type":"if","locations":[{"start":{"line":24,"column":6},"end":{"line":33,"column":7}},{"start":{"line":24,"column":6},"end":{"line":33,"column":7}}],"line":24},"2":{"loc":{"start":{"line":51,"column":4},"end":{"line":68,"column":5}},"type":"if","locations":[{"start":{"line":51,"column":4},"end":{"line":68,"column":5}},{"start":{"line":51,"column":4},"end":{"line":68,"column":5}}],"line":51},"3":{"loc":{"start":{"line":56,"column":6},"end":{"line":65,"column":7}},"type":"if","locations":[{"start":{"line":56,"column":6},"end":{"line":65,"column":7}},{"start":{"line":56,"column":6},"end":{"line":65,"column":7}}],"line":56}},"s":{"0":3,"1":3,"2":3,"3":3,"4":3,"5":3,"6":3,"7":37,"8":37,"9":37,"10":37,"11":37,"12":37,"13":37,"14":0,"15":0,"16":0,"17":3,"18":34,"19":34,"20":34,"21":34,"22":34,"23":34,"24":34,"25":0,"26":0,"27":0,"28":3},"f":{"0":37,"1":34},"b":{"0":[37,0],"1":[37,0],"2":[34,0],"3":[34,0]},"_coverageSchema":"332fd63041d2c1bcb487cc26dd0d5f7d97098a6c","hash":"a32850224c465f02ec7ab8badb4a21123f6a48a9"}
,"/Users/jason/repos/rithm/linked-list/routes/companies.js": {"path":"/Users/jason/repos/rithm/linked-list/routes/companies.js","statementMap":{"0":{"start":{"line":1,"column":16},"end":{"line":1,"column":34}},"1":{"start":{"line":2,"column":15},"end":{"line":2,"column":31}},"2":{"start":{"line":3,"column":11},"end":{"line":3,"column":27}},"3":{"start":{"line":4,"column":15},"end":{"line":4,"column":32}},"4":{"start":{"line":5,"column":12},"end":{"line":5,"column":35}},"5":{"start":{"line":6,"column":32},"end":{"line":6,"column":69}},"6":{"start":{"line":10,"column":4},"end":{"line":10,"column":33}},"7":{"start":{"line":12,"column":0},"end":{"line":36,"column":3}},"8":{"start":{"line":14,"column":2},"end":{"line":35,"column":3}},"9":{"start":{"line":15,"column":15},"end":{"line":15,"column":56}},"10":{"start":{"line":17,"column":24},"end":{"line":29,"column":6}},"11":{"start":{"line":18,"column":6},"end":{"line":18,"column":30}},"12":{"start":{"line":19,"column":23},"end":{"line":22,"column":7}},"13":{"start":{"line":23,"column":22},"end":{"line":25,"column":8}},"14":{"start":{"line":26,"column":6},"end":{"line":26,"column":67}},"15":{"start":{"line":26,"column":52},"end":{"line":26,"column":65}},"16":{"start":{"line":27,"column":6},"end":{"line":27,"column":55}},"17":{"start":{"line":27,"column":46},"end":{"line":27,"column":53}},"18":{"start":{"line":28,"column":6},"end":{"line":28,"column":21}},"19":{"start":{"line":30,"column":4},"end":{"line":32,"column":7}},"20":{"start":{"line":31,"column":6},"end":{"line":31,"column":27}},"21":{"start":{"line":34,"column":4},"end":{"line":34,"column":19}},"22":{"start":{"line":38,"column":0},"end":{"line":68,"column":3}},"23":{"start":{"line":40,"column":2},"end":{"line":67,"column":3}},"24":{"start":{"line":42,"column":25},"end":{"line":45,"column":5}},"25":{"start":{"line":46,"column":4},"end":{"line":50,"column":5}},"26":{"start":{"line":47,"column":23},"end":{"line":47,"column":66}},"27":{"start":{"line":48,"column":6},"end":{"line":48,"column":28}},"28":{"start":{"line":49,"column":6},"end":{"line":49,"column":21}},"29":{"start":{"line":52,"column":27},"end":{"line":52,"column":67}},"30":{"start":{"line":53,"column":17},"end":{"line":62,"column":5}},"31":{"start":{"line":63,"column":4},"end":{"line":63,"column":33}},"32":{"start":{"line":64,"column":4},"end":{"line":64,"column":34}},"33":{"start":{"line":66,"column":4},"end":{"line":66,"column":19}},"34":{"start":{"line":70,"column":0},"end":{"line":91,"column":3}},"35":{"start":{"line":72,"column":2},"end":{"line":90,"column":3}},"36":{"start":{"line":73,"column":24},"end":{"line":76,"column":5}},"37":{"start":{"line":77,"column":21},"end":{"line":80,"column":5}},"38":{"start":{"line":81,"column":20},"end":{"line":83,"column":6}},"39":{"start":{"line":84,"column":4},"end":{"line":84,"column":40}},"40":{"start":{"line":85,"column":4},"end":{"line":85,"column":73}},"41":{"start":{"line":85,"column":58},"end":{"line":85,"column":71}},"42":{"start":{"line":86,"column":4},"end":{"line":86,"column":65}},"43":{"start":{"line":86,"column":56},"end":{"line":86,"column":63}},"44":{"start":{"line":87,"column":4},"end":{"line":87,"column":41}},"45":{"start":{"line":89,"column":4},"end":{"line":89,"column":19}},"46":{"start":{"line":93,"column":0},"end":{"line":118,"column":3}},"47":{"start":{"line":95,"column":2},"end":{"line":117,"column":3}},"48":{"start":{"line":96,"column":18},"end":{"line":101,"column":5}},"49":{"start":{"line":103,"column":24},"end":{"line":103,"column":65}},"50":{"start":{"line":104,"column":21},"end":{"line":107,"column":5}},"51":{"start":{"line":108,"column":20},"end":{"line":110,"column":6}},"52":{"start":{"line":111,"column":4},"end":{"line":111,"column":40}},"53":{"start":{"line":112,"column":4},"end":{"line":112,"column":73}},"54":{"start":{"line":112,"column":58},"end":{"line":112,"column":71}},"55":{"start":{"line":113,"column":4},"end":{"line":113,"column":65}},"56":{"start":{"line":113,"column":56},"end":{"line":113,"column":63}},"57":{"start":{"line":114,"column":4},"end":{"line":114,"column":41}},"58":{"start":{"line":116,"column":4},"end":{"line":116,"column":19}},"59":{"start":{"line":120,"column":0},"end":{"line":143,"column":3}},"60":{"start":{"line":122,"column":2},"end":{"line":142,"column":3}},"61":{"start":{"line":123,"column":24},"end":{"line":126,"column":5}},"62":{"start":{"line":127,"column":21},"end":{"line":130,"column":5}},"63":{"start":{"line":131,"column":20},"end":{"line":133,"column":6}},"64":{"start":{"line":134,"column":4},"end":{"line":134,"column":73}},"65":{"start":{"line":134,"column":58},"end":{"line":134,"column":71}},"66":{"start":{"line":135,"column":4},"end":{"line":135,"column":65}},"67":{"start":{"line":135,"column":56},"end":{"line":135,"column":63}},"68":{"start":{"line":136,"column":4},"end":{"line":138,"column":7}},"69":{"start":{"line":139,"column":4},"end":{"line":139,"column":41}},"70":{"start":{"line":141,"column":4},"end":{"line":141,"column":19}},"71":{"start":{"line":145,"column":0},"end":{"line":145,"column":24}}},"fnMap":{"0":{"name":"(anonymous_0)","decl":{"start":{"line":12,"column":37},"end":{"line":12,"column":38}},"loc":{"start":{"line":12,"column":63},"end":{"line":36,"column":1}},"line":12},"1":{"name":"(anonymous_1)","decl":{"start":{"line":17,"column":38},"end":{"line":17,"column":39}},"loc":{"start":{"line":17,"column":55},"end":{"line":29,"column":5}},"line":17},"2":{"name":"(anonymous_2)","decl":{"start":{"line":26,"column":44},"end":{"line":26,"column":45}},"loc":{"start":{"line":26,"column":52},"end":{"line":26,"column":65}},"line":26},"3":{"name":"(anonymous_3)","decl":{"start":{"line":27,"column":38},"end":{"line":27,"column":39}},"loc":{"start":{"line":27,"column":46},"end":{"line":27,"column":53}},"line":27},"4":{"name":"(anonymous_4)","decl":{"start":{"line":30,"column":34},"end":{"line":30,"column":35}},"loc":{"start":{"line":30,"column":41},"end":{"line":32,"column":5}},"line":30},"5":{"name":"(anonymous_5)","decl":{"start":{"line":38,"column":16},"end":{"line":38,"column":17}},"loc":{"start":{"line":38,"column":42},"end":{"line":68,"column":1}},"line":38},"6":{"name":"(anonymous_6)","decl":{"start":{"line":70,"column":45},"end":{"line":70,"column":46}},"loc":{"start":{"line":70,"column":71},"end":{"line":91,"column":1}},"line":70},"7":{"name":"(anonymous_7)","decl":{"start":{"line":85,"column":50},"end":{"line":85,"column":51}},"loc":{"start":{"line":85,"column":58},"end":{"line":85,"column":71}},"line":85},"8":{"name":"(anonymous_8)","decl":{"start":{"line":86,"column":48},"end":{"line":86,"column":49}},"loc":{"start":{"line":86,"column":56},"end":{"line":86,"column":63}},"line":86},"9":{"name":"(anonymous_9)","decl":{"start":{"line":93,"column":48},"end":{"line":93,"column":49}},"loc":{"start":{"line":93,"column":74},"end":{"line":118,"column":1}},"line":93},"10":{"name":"(anonymous_10)","decl":{"start":{"line":112,"column":50},"end":{"line":112,"column":51}},"loc":{"start":{"line":112,"column":58},"end":{"line":112,"column":71}},"line":112},"11":{"name":"(anonymous_11)","decl":{"start":{"line":113,"column":48},"end":{"line":113,"column":49}},"loc":{"start":{"line":113,"column":56},"end":{"line":113,"column":63}},"line":113},"12":{"name":"(anonymous_12)","decl":{"start":{"line":120,"column":49},"end":{"line":120,"column":50}},"loc":{"start":{"line":120,"column":75},"end":{"line":143,"column":1}},"line":120},"13":{"name":"(anonymous_13)","decl":{"start":{"line":134,"column":50},"end":{"line":134,"column":51}},"loc":{"start":{"line":134,"column":58},"end":{"line":134,"column":71}},"line":134},"14":{"name":"(anonymous_14)","decl":{"start":{"line":135,"column":48},"end":{"line":135,"column":49}},"loc":{"start":{"line":135,"column":56},"end":{"line":135,"column":63}},"line":135}},"branchMap":{"0":{"loc":{"start":{"line":46,"column":4},"end":{"line":50,"column":5}},"type":"if","locations":[{"start":{"line":46,"column":4},"end":{"line":50,"column":5}},{"start":{"line":46,"column":4},"end":{"line":50,"column":5}}],"line":46}},"s":{"0":3,"1":3,"2":3,"3":3,"4":3,"5":3,"6":3,"7":3,"8":2,"9":2,"10":2,"11":3,"12":3,"13":3,"14":3,"15":0,"16":3,"17":0,"18":3,"19":2,"20":2,"21":0,"22":3,"23":3,"24":3,"25":3,"26":1,"27":1,"28":1,"29":2,"30":2,"31":2,"32":2,"33":1,"34":3,"35":1,"36":1,"37":1,"38":1,"39":1,"40":1,"41":0,"42":1,"43":0,"44":1,"45":0,"46":3,"47":1,"48":1,"49":1,"50":1,"51":1,"52":1,"53":1,"54":0,"55":1,"56":0,"57":1,"58":0,"59":3,"60":1,"61":1,"62":1,"63":1,"64":1,"65":0,"66":1,"67":0,"68":1,"69":1,"70":0,"71":3},"f":{"0":2,"1":3,"2":0,"3":0,"4":2,"5":3,"6":1,"7":0,"8":0,"9":1,"10":0,"11":0,"12":1,"13":0,"14":0},"b":{"0":[1,2]},"_coverageSchema":"332fd63041d2c1bcb487cc26dd0d5f7d97098a6c","hash":"d7ef722ceb0f69bf632f82f4c6a425bb90712ab9"}
,"/Users/jason/repos/rithm/linked-list/routes/jobs.js": {"path":"/Users/jason/repos/rithm/linked-list/routes/jobs.js","statementMap":{"0":{"start":{"line":1,"column":16},"end":{"line":1,"column":34}},"1":{"start":{"line":2,"column":15},"end":{"line":2,"column":31}},"2":{"start":{"line":3,"column":11},"end":{"line":3,"column":27}},"3":{"start":{"line":4,"column":32},"end":{"line":4,"column":69}},"4":{"start":{"line":10,"column":4},"end":{"line":10,"column":33}},"5":{"start":{"line":12,"column":0},"end":{"line":21,"column":3}},"6":{"start":{"line":14,"column":2},"end":{"line":20,"column":3}},"7":{"start":{"line":15,"column":17},"end":{"line":15,"column":53}},"8":{"start":{"line":16,"column":4},"end":{"line":16,"column":46}},"9":{"start":{"line":16,"column":30},"end":{"line":16,"column":44}},"10":{"start":{"line":17,"column":4},"end":{"line":17,"column":31}},"11":{"start":{"line":19,"column":4},"end":{"line":19,"column":19}},"12":{"start":{"line":23,"column":0},"end":{"line":37,"column":3}},"13":{"start":{"line":25,"column":2},"end":{"line":36,"column":3}},"14":{"start":{"line":26,"column":20},"end":{"line":26,"column":31}},"15":{"start":{"line":28,"column":17},"end":{"line":31,"column":5}},"16":{"start":{"line":32,"column":4},"end":{"line":32,"column":27}},"17":{"start":{"line":33,"column":4},"end":{"line":33,"column":34}},"18":{"start":{"line":35,"column":4},"end":{"line":35,"column":19}},"19":{"start":{"line":39,"column":0},"end":{"line":50,"column":3}},"20":{"start":{"line":41,"column":2},"end":{"line":49,"column":3}},"21":{"start":{"line":42,"column":17},"end":{"line":44,"column":6}},"22":{"start":{"line":45,"column":4},"end":{"line":45,"column":27}},"23":{"start":{"line":46,"column":4},"end":{"line":46,"column":34}},"24":{"start":{"line":48,"column":4},"end":{"line":48,"column":19}},"25":{"start":{"line":52,"column":0},"end":{"line":79,"column":3}},"26":{"start":{"line":54,"column":2},"end":{"line":78,"column":3}},"27":{"start":{"line":55,"column":20},"end":{"line":57,"column":6}},"28":{"start":{"line":59,"column":4},"end":{"line":64,"column":5}},"29":{"start":{"line":60,"column":24},"end":{"line":60,"column":79}},"30":{"start":{"line":61,"column":6},"end":{"line":61,"column":29}},"31":{"start":{"line":62,"column":6},"end":{"line":62,"column":36}},"32":{"start":{"line":63,"column":6},"end":{"line":63,"column":22}},"33":{"start":{"line":66,"column":18},"end":{"line":71,"column":5}},"34":{"start":{"line":72,"column":24},"end":{"line":72,"column":65}},"35":{"start":{"line":74,"column":4},"end":{"line":74,"column":34}},"36":{"start":{"line":75,"column":4},"end":{"line":75,"column":41}},"37":{"start":{"line":77,"column":4},"end":{"line":77,"column":19}},"38":{"start":{"line":81,"column":0},"end":{"line":101,"column":3}},"39":{"start":{"line":83,"column":2},"end":{"line":100,"column":3}},"40":{"start":{"line":84,"column":20},"end":{"line":86,"column":6}},"41":{"start":{"line":88,"column":4},"end":{"line":93,"column":5}},"42":{"start":{"line":89,"column":24},"end":{"line":89,"column":79}},"43":{"start":{"line":90,"column":6},"end":{"line":90,"column":29}},"44":{"start":{"line":91,"column":6},"end":{"line":91,"column":36}},"45":{"start":{"line":92,"column":6},"end":{"line":92,"column":22}},"46":{"start":{"line":95,"column":4},"end":{"line":95,"column":70}},"47":{"start":{"line":96,"column":4},"end":{"line":96,"column":30}},"48":{"start":{"line":97,"column":4},"end":{"line":97,"column":37}},"49":{"start":{"line":99,"column":4},"end":{"line":99,"column":19}},"50":{"start":{"line":103,"column":0},"end":{"line":117,"column":2}},"51":{"start":{"line":107,"column":4},"end":{"line":115,"column":5}},"52":{"start":{"line":108,"column":30},"end":{"line":111,"column":7}},"53":{"start":{"line":112,"column":6},"end":{"line":112,"column":47}},"54":{"start":{"line":114,"column":6},"end":{"line":114,"column":14}},"55":{"start":{"line":119,"column":0},"end":{"line":164,"column":2}},"56":{"start":{"line":123,"column":4},"end":{"line":162,"column":5}},"57":{"start":{"line":124,"column":6},"end":{"line":136,"column":7}},"58":{"start":{"line":125,"column":32},"end":{"line":128,"column":9}},"59":{"start":{"line":129,"column":8},"end":{"line":135,"column":9}},"60":{"start":{"line":130,"column":29},"end":{"line":130,"column":76}},"61":{"start":{"line":131,"column":10},"end":{"line":131,"column":34}},"62":{"start":{"line":132,"column":10},"end":{"line":132,"column":27}},"63":{"start":{"line":134,"column":10},"end":{"line":134,"column":48}},"64":{"start":{"line":137,"column":6},"end":{"line":159,"column":7}},"65":{"start":{"line":138,"column":32},"end":{"line":141,"column":9}},"66":{"start":{"line":142,"column":26},"end":{"line":145,"column":9}},"67":{"start":{"line":146,"column":8},"end":{"line":158,"column":9}},"68":{"start":{"line":147,"column":29},"end":{"line":147,"column":76}},"69":{"start":{"line":148,"column":10},"end":{"line":148,"column":34}},"70":{"start":{"line":149,"column":10},"end":{"line":149,"column":27}},"71":{"start":{"line":150,"column":15},"end":{"line":158,"column":9}},"72":{"start":{"line":151,"column":28},"end":{"line":153,"column":11}},"73":{"start":{"line":154,"column":10},"end":{"line":154,"column":33}},"74":{"start":{"line":155,"column":10},"end":{"line":155,"column":26}},"75":{"start":{"line":157,"column":10},"end":{"line":157,"column":48}},"76":{"start":{"line":161,"column":6},"end":{"line":161,"column":14}},"77":{"start":{"line":166,"column":0},"end":{"line":223,"column":2}},"78":{"start":{"line":170,"column":4},"end":{"line":221,"column":5}},"79":{"start":{"line":171,"column":6},"end":{"line":213,"column":7}},"80":{"start":{"line":172,"column":32},"end":{"line":175,"column":9}},"81":{"start":{"line":176,"column":8},"end":{"line":190,"column":9}},"82":{"start":{"line":177,"column":29},"end":{"line":177,"column":76}},"83":{"start":{"line":178,"column":10},"end":{"line":178,"column":34}},"84":{"start":{"line":179,"column":10},"end":{"line":179,"column":27}},"85":{"start":{"line":180,"column":15},"end":{"line":190,"column":9}},"86":{"start":{"line":183,"column":28},"end":{"line":185,"column":11}},"87":{"start":{"line":186,"column":10},"end":{"line":186,"column":33}},"88":{"start":{"line":187,"column":10},"end":{"line":187,"column":26}},"89":{"start":{"line":189,"column":10},"end":{"line":189,"column":51}},"90":{"start":{"line":191,"column":13},"end":{"line":213,"column":7}},"91":{"start":{"line":192,"column":32},"end":{"line":195,"column":9}},"92":{"start":{"line":196,"column":26},"end":{"line":199,"column":9}},"93":{"start":{"line":200,"column":8},"end":{"line":212,"column":9}},"94":{"start":{"line":201,"column":29},"end":{"line":201,"column":76}},"95":{"start":{"line":202,"column":10},"end":{"line":202,"column":34}},"96":{"start":{"line":203,"column":10},"end":{"line":203,"column":27}},"97":{"start":{"line":204,"column":15},"end":{"line":212,"column":9}},"98":{"start":{"line":205,"column":28},"end":{"line":207,"column":11}},"99":{"start":{"line":208,"column":10},"end":{"line":208,"column":33}},"100":{"start":{"line":209,"column":10},"end":{"line":209,"column":26}},"101":{"start":{"line":211,"column":10},"end":{"line":211,"column":51}},"102":{"start":{"line":220,"column":6},"end":{"line":220,"column":14}},"103":{"start":{"line":225,"column":0},"end":{"line":276,"column":2}},"104":{"start":{"line":229,"column":4},"end":{"line":274,"column":5}},"105":{"start":{"line":230,"column":6},"end":{"line":271,"column":7}},"106":{"start":{"line":231,"column":32},"end":{"line":234,"column":9}},"107":{"start":{"line":235,"column":8},"end":{"line":247,"column":9}},"108":{"start":{"line":236,"column":28},"end":{"line":238,"column":11}},"109":{"start":{"line":239,"column":10},"end":{"line":239,"column":33}},"110":{"start":{"line":240,"column":10},"end":{"line":240,"column":26}},"111":{"start":{"line":242,"column":40},"end":{"line":245,"column":11}},"112":{"start":{"line":246,"column":10},"end":{"line":246,"column":80}},"113":{"start":{"line":248,"column":13},"end":{"line":271,"column":7}},"114":{"start":{"line":249,"column":26},"end":{"line":252,"column":9}},"115":{"start":{"line":253,"column":8},"end":{"line":265,"column":9}},"116":{"start":{"line":254,"column":28},"end":{"line":256,"column":11}},"117":{"start":{"line":257,"column":10},"end":{"line":257,"column":33}},"118":{"start":{"line":258,"column":10},"end":{"line":258,"column":26}},"119":{"start":{"line":260,"column":40},"end":{"line":263,"column":11}},"120":{"start":{"line":264,"column":10},"end":{"line":264,"column":80}},"121":{"start":{"line":266,"column":29},"end":{"line":268,"column":9}},"122":{"start":{"line":269,"column":8},"end":{"line":269,"column":34}},"123":{"start":{"line":270,"column":8},"end":{"line":270,"column":27}},"124":{"start":{"line":273,"column":6},"end":{"line":273,"column":14}},"125":{"start":{"line":278,"column":0},"end":{"line":278,"column":24}}},"fnMap":{"0":{"name":"(anonymous_0)","decl":{"start":{"line":12,"column":37},"end":{"line":12,"column":38}},"loc":{"start":{"line":12,"column":63},"end":{"line":21,"column":1}},"line":12},"1":{"name":"(anonymous_1)","decl":{"start":{"line":16,"column":22},"end":{"line":16,"column":23}},"loc":{"start":{"line":16,"column":30},"end":{"line":16,"column":44}},"line":16},"2":{"name":"(anonymous_2)","decl":{"start":{"line":23,"column":45},"end":{"line":23,"column":46}},"loc":{"start":{"line":23,"column":71},"end":{"line":37,"column":1}},"line":23},"3":{"name":"(anonymous_3)","decl":{"start":{"line":39,"column":41},"end":{"line":39,"column":42}},"loc":{"start":{"line":39,"column":67},"end":{"line":50,"column":1}},"line":39},"4":{"name":"(anonymous_4)","decl":{"start":{"line":52,"column":50},"end":{"line":52,"column":51}},"loc":{"start":{"line":52,"column":76},"end":{"line":79,"column":1}},"line":52},"5":{"name":"(anonymous_5)","decl":{"start":{"line":81,"column":51},"end":{"line":81,"column":52}},"loc":{"start":{"line":81,"column":77},"end":{"line":101,"column":1}},"line":81},"6":{"name":"(anonymous_6)","decl":{"start":{"line":106,"column":2},"end":{"line":106,"column":3}},"loc":{"start":{"line":106,"column":28},"end":{"line":116,"column":3}},"line":106},"7":{"name":"(anonymous_7)","decl":{"start":{"line":122,"column":2},"end":{"line":122,"column":3}},"loc":{"start":{"line":122,"column":28},"end":{"line":163,"column":3}},"line":122},"8":{"name":"(anonymous_8)","decl":{"start":{"line":169,"column":2},"end":{"line":169,"column":3}},"loc":{"start":{"line":169,"column":28},"end":{"line":222,"column":3}},"line":169},"9":{"name":"(anonymous_9)","decl":{"start":{"line":228,"column":2},"end":{"line":228,"column":3}},"loc":{"start":{"line":228,"column":28},"end":{"line":275,"column":3}},"line":228}},"branchMap":{"0":{"loc":{"start":{"line":59,"column":4},"end":{"line":64,"column":5}},"type":"if","locations":[{"start":{"line":59,"column":4},"end":{"line":64,"column":5}},{"start":{"line":59,"column":4},"end":{"line":64,"column":5}}],"line":59},"1":{"loc":{"start":{"line":88,"column":4},"end":{"line":93,"column":5}},"type":"if","locations":[{"start":{"line":88,"column":4},"end":{"line":93,"column":5}},{"start":{"line":88,"column":4},"end":{"line":93,"column":5}}],"line":88},"2":{"loc":{"start":{"line":124,"column":6},"end":{"line":136,"column":7}},"type":"if","locations":[{"start":{"line":124,"column":6},"end":{"line":136,"column":7}},{"start":{"line":124,"column":6},"end":{"line":136,"column":7}}],"line":124},"3":{"loc":{"start":{"line":129,"column":8},"end":{"line":135,"column":9}},"type":"if","locations":[{"start":{"line":129,"column":8},"end":{"line":135,"column":9}},{"start":{"line":129,"column":8},"end":{"line":135,"column":9}}],"line":129},"4":{"loc":{"start":{"line":137,"column":6},"end":{"line":159,"column":7}},"type":"if","locations":[{"start":{"line":137,"column":6},"end":{"line":159,"column":7}},{"start":{"line":137,"column":6},"end":{"line":159,"column":7}}],"line":137},"5":{"loc":{"start":{"line":146,"column":8},"end":{"line":158,"column":9}},"type":"if","locations":[{"start":{"line":146,"column":8},"end":{"line":158,"column":9}},{"start":{"line":146,"column":8},"end":{"line":158,"column":9}}],"line":146},"6":{"loc":{"start":{"line":150,"column":15},"end":{"line":158,"column":9}},"type":"if","locations":[{"start":{"line":150,"column":15},"end":{"line":158,"column":9}},{"start":{"line":150,"column":15},"end":{"line":158,"column":9}}],"line":150},"7":{"loc":{"start":{"line":171,"column":6},"end":{"line":213,"column":7}},"type":"if","locations":[{"start":{"line":171,"column":6},"end":{"line":213,"column":7}},{"start":{"line":171,"column":6},"end":{"line":213,"column":7}}],"line":171},"8":{"loc":{"start":{"line":176,"column":8},"end":{"line":190,"column":9}},"type":"if","locations":[{"start":{"line":176,"column":8},"end":{"line":190,"column":9}},{"start":{"line":176,"column":8},"end":{"line":190,"column":9}}],"line":176},"9":{"loc":{"start":{"line":180,"column":15},"end":{"line":190,"column":9}},"type":"if","locations":[{"start":{"line":180,"column":15},"end":{"line":190,"column":9}},{"start":{"line":180,"column":15},"end":{"line":190,"column":9}}],"line":180},"10":{"loc":{"start":{"line":191,"column":13},"end":{"line":213,"column":7}},"type":"if","locations":[{"start":{"line":191,"column":13},"end":{"line":213,"column":7}},{"start":{"line":191,"column":13},"end":{"line":213,"column":7}}],"line":191},"11":{"loc":{"start":{"line":200,"column":8},"end":{"line":212,"column":9}},"type":"if","locations":[{"start":{"line":200,"column":8},"end":{"line":212,"column":9}},{"start":{"line":200,"column":8},"end":{"line":212,"column":9}}],"line":200},"12":{"loc":{"start":{"line":204,"column":15},"end":{"line":212,"column":9}},"type":"if","locations":[{"start":{"line":204,"column":15},"end":{"line":212,"column":9}},{"start":{"line":204,"column":15},"end":{"line":212,"column":9}}],"line":204},"13":{"loc":{"start":{"line":230,"column":6},"end":{"line":271,"column":7}},"type":"if","locations":[{"start":{"line":230,"column":6},"end":{"line":271,"column":7}},{"start":{"line":230,"column":6},"end":{"line":271,"column":7}}],"line":230},"14":{"loc":{"start":{"line":235,"column":8},"end":{"line":247,"column":9}},"type":"if","locations":[{"start":{"line":235,"column":8},"end":{"line":247,"column":9}},{"start":{"line":235,"column":8},"end":{"line":247,"column":9}}],"line":235},"15":{"loc":{"start":{"line":248,"column":13},"end":{"line":271,"column":7}},"type":"if","locations":[{"start":{"line":248,"column":13},"end":{"line":271,"column":7}},{"start":{"line":248,"column":13},"end":{"line":271,"column":7}}],"line":248},"16":{"loc":{"start":{"line":253,"column":8},"end":{"line":265,"column":9}},"type":"if","locations":[{"start":{"line":253,"column":8},"end":{"line":265,"column":9}},{"start":{"line":253,"column":8},"end":{"line":265,"column":9}}],"line":253}},"s":{"0":3,"1":3,"2":3,"3":3,"4":3,"5":3,"6":2,"7":2,"8":2,"9":3,"10":2,"11":0,"12":3,"13":1,"14":1,"15":1,"16":1,"17":1,"18":0,"19":3,"20":1,"21":1,"22":1,"23":1,"24":0,"25":3,"26":2,"27":2,"28":2,"29":1,"30":1,"31":1,"32":1,"33":1,"34":1,"35":1,"36":1,"37":1,"38":3,"39":2,"40":2,"41":2,"42":1,"43":1,"44":1,"45":1,"46":1,"47":1,"48":1,"49":1,"50":3,"51":28,"52":28,"53":28,"54":0,"55":3,"56":2,"57":2,"58":1,"59":1,"60":0,"61":0,"62":0,"63":1,"64":1,"65":1,"66":1,"67":1,"68":0,"69":0,"70":0,"71":1,"72":0,"73":0,"74":0,"75":1,"76":0,"77":3,"78":6,"79":6,"80":3,"81":3,"82":1,"83":1,"84":1,"85":2,"86":1,"87":1,"88":1,"89":1,"90":3,"91":3,"92":3,"93":3,"94":1,"95":1,"96":1,"97":2,"98":1,"99":1,"100":1,"101":1,"102":4,"103":3,"104":4,"105":4,"106":2,"107":2,"108":1,"109":1,"110":1,"111":1,"112":1,"113":2,"114":2,"115":2,"116":1,"117":1,"118":1,"119":1,"120":1,"121":0,"122":0,"123":0,"124":2,"125":3},"f":{"0":2,"1":3,"2":1,"3":1,"4":2,"5":2,"6":28,"7":2,"8":6,"9":4},"b":{"0":[1,1],"1":[1,1],"2":[1,1],"3":[0,1],"4":[1,0],"5":[0,1],"6":[0,1],"7":[3,3],"8":[1,2],"9":[1,1],"10":[3,0],"11":[1,2],"12":[1,1],"13":[2,2],"14":[1,1],"15":[2,0],"16":[1,1]},"_coverageSchema":"332fd63041d2c1bcb487cc26dd0d5f7d97098a6c","hash":"da9491b2401a12f946cf68386d1bb4ebe59a879d"}
,"/Users/jason/repos/rithm/linked-list/routes/users.js": {"path":"/Users/jason/repos/rithm/linked-list/routes/users.js","statementMap":{"0":{"start":{"line":1,"column":16},"end":{"line":1,"column":34}},"1":{"start":{"line":2,"column":15},"end":{"line":2,"column":31}},"2":{"start":{"line":3,"column":11},"end":{"line":3,"column":27}},"3":{"start":{"line":4,"column":15},"end":{"line":4,"column":32}},"4":{"start":{"line":5,"column":12},"end":{"line":5,"column":35}},"5":{"start":{"line":9,"column":4},"end":{"line":9,"column":33}},"6":{"start":{"line":10,"column":32},"end":{"line":10,"column":69}},"7":{"start":{"line":12,"column":0},"end":{"line":32,"column":3}},"8":{"start":{"line":14,"column":2},"end":{"line":31,"column":3}},"9":{"start":{"line":15,"column":15},"end":{"line":17,"column":5}},"10":{"start":{"line":20,"column":4},"end":{"line":27,"column":7}},"11":{"start":{"line":21,"column":22},"end":{"line":24,"column":7}},"12":{"start":{"line":25,"column":6},"end":{"line":25,"column":27}},"13":{"start":{"line":26,"column":6},"end":{"line":26,"column":72}},"14":{"start":{"line":26,"column":34},"end":{"line":26,"column":70}},"15":{"start":{"line":28,"column":4},"end":{"line":28,"column":31}},"16":{"start":{"line":30,"column":4},"end":{"line":30,"column":19}},"17":{"start":{"line":34,"column":0},"end":{"line":80,"column":3}},"18":{"start":{"line":36,"column":2},"end":{"line":79,"column":3}},"19":{"start":{"line":37,"column":4},"end":{"line":49,"column":5}},"20":{"start":{"line":39,"column":30},"end":{"line":42,"column":7}},"21":{"start":{"line":44,"column":6},"end":{"line":48,"column":7}},"22":{"start":{"line":45,"column":27},"end":{"line":45,"column":63}},"23":{"start":{"line":46,"column":8},"end":{"line":46,"column":32}},"24":{"start":{"line":47,"column":8},"end":{"line":47,"column":25}},"25":{"start":{"line":51,"column":26},"end":{"line":54,"column":5}},"26":{"start":{"line":55,"column":4},"end":{"line":59,"column":5}},"27":{"start":{"line":56,"column":23},"end":{"line":56,"column":60}},"28":{"start":{"line":57,"column":6},"end":{"line":57,"column":28}},"29":{"start":{"line":58,"column":6},"end":{"line":58,"column":21}},"30":{"start":{"line":61,"column":27},"end":{"line":61,"column":67}},"31":{"start":{"line":62,"column":17},"end":{"line":73,"column":5}},"32":{"start":{"line":75,"column":4},"end":{"line":75,"column":33}},"33":{"start":{"line":76,"column":4},"end":{"line":76,"column":34}},"34":{"start":{"line":78,"column":4},"end":{"line":78,"column":19}},"35":{"start":{"line":82,"column":0},"end":{"line":99,"column":3}},"36":{"start":{"line":84,"column":2},"end":{"line":98,"column":3}},"37":{"start":{"line":85,"column":17},"end":{"line":87,"column":6}},"38":{"start":{"line":88,"column":20},"end":{"line":91,"column":5}},"39":{"start":{"line":92,"column":4},"end":{"line":92,"column":33}},"40":{"start":{"line":93,"column":4},"end":{"line":93,"column":33}},"41":{"start":{"line":94,"column":4},"end":{"line":94,"column":70}},"42":{"start":{"line":94,"column":32},"end":{"line":94,"column":68}},"43":{"start":{"line":95,"column":4},"end":{"line":95,"column":34}},"44":{"start":{"line":97,"column":4},"end":{"line":97,"column":19}},"45":{"start":{"line":101,"column":0},"end":{"line":130,"column":3}},"46":{"start":{"line":103,"column":2},"end":{"line":129,"column":3}},"47":{"start":{"line":104,"column":4},"end":{"line":116,"column":5}},"48":{"start":{"line":106,"column":30},"end":{"line":109,"column":7}},"49":{"start":{"line":111,"column":6},"end":{"line":115,"column":7}},"50":{"start":{"line":112,"column":27},"end":{"line":112,"column":63}},"51":{"start":{"line":113,"column":8},"end":{"line":113,"column":32}},"52":{"start":{"line":114,"column":8},"end":{"line":114,"column":25}},"53":{"start":{"line":117,"column":18},"end":{"line":122,"column":5}},"54":{"start":{"line":123,"column":17},"end":{"line":123,"column":58}},"55":{"start":{"line":125,"column":4},"end":{"line":125,"column":33}},"56":{"start":{"line":126,"column":4},"end":{"line":126,"column":34}},"57":{"start":{"line":128,"column":4},"end":{"line":128,"column":19}},"58":{"start":{"line":132,"column":0},"end":{"line":145,"column":3}},"59":{"start":{"line":134,"column":2},"end":{"line":144,"column":3}},"60":{"start":{"line":135,"column":17},"end":{"line":137,"column":6}},"61":{"start":{"line":138,"column":4},"end":{"line":140,"column":7}},"62":{"start":{"line":141,"column":4},"end":{"line":141,"column":34}},"63":{"start":{"line":143,"column":4},"end":{"line":143,"column":19}},"64":{"start":{"line":147,"column":0},"end":{"line":147,"column":24}}},"fnMap":{"0":{"name":"(anonymous_0)","decl":{"start":{"line":12,"column":37},"end":{"line":12,"column":38}},"loc":{"start":{"line":12,"column":63},"end":{"line":32,"column":1}},"line":12},"1":{"name":"(anonymous_1)","decl":{"start":{"line":20,"column":22},"end":{"line":20,"column":23}},"loc":{"start":{"line":20,"column":36},"end":{"line":27,"column":5}},"line":20},"2":{"name":"(anonymous_2)","decl":{"start":{"line":26,"column":27},"end":{"line":26,"column":28}},"loc":{"start":{"line":26,"column":34},"end":{"line":26,"column":70}},"line":26},"3":{"name":"(anonymous_3)","decl":{"start":{"line":34,"column":16},"end":{"line":34,"column":17}},"loc":{"start":{"line":34,"column":42},"end":{"line":80,"column":1}},"line":34},"4":{"name":"(anonymous_4)","decl":{"start":{"line":82,"column":47},"end":{"line":82,"column":48}},"loc":{"start":{"line":82,"column":73},"end":{"line":99,"column":1}},"line":82},"5":{"name":"(anonymous_5)","decl":{"start":{"line":94,"column":25},"end":{"line":94,"column":26}},"loc":{"start":{"line":94,"column":32},"end":{"line":94,"column":68}},"line":94},"6":{"name":"(anonymous_6)","decl":{"start":{"line":101,"column":47},"end":{"line":101,"column":48}},"loc":{"start":{"line":101,"column":73},"end":{"line":130,"column":1}},"line":101},"7":{"name":"(anonymous_7)","decl":{"start":{"line":132,"column":48},"end":{"line":132,"column":49}},"loc":{"start":{"line":132,"column":74},"end":{"line":145,"column":1}},"line":132}},"branchMap":{"0":{"loc":{"start":{"line":37,"column":4},"end":{"line":49,"column":5}},"type":"if","locations":[{"start":{"line":37,"column":4},"end":{"line":49,"column":5}},{"start":{"line":37,"column":4},"end":{"line":49,"column":5}}],"line":37},"1":{"loc":{"start":{"line":44,"column":6},"end":{"line":48,"column":7}},"type":"if","locations":[{"start":{"line":44,"column":6},"end":{"line":48,"column":7}},{"start":{"line":44,"column":6},"end":{"line":48,"column":7}}],"line":44},"2":{"loc":{"start":{"line":55,"column":4},"end":{"line":59,"column":5}},"type":"if","locations":[{"start":{"line":55,"column":4},"end":{"line":59,"column":5}},{"start":{"line":55,"column":4},"end":{"line":59,"column":5}}],"line":55},"3":{"loc":{"start":{"line":104,"column":4},"end":{"line":116,"column":5}},"type":"if","locations":[{"start":{"line":104,"column":4},"end":{"line":116,"column":5}},{"start":{"line":104,"column":4},"end":{"line":116,"column":5}}],"line":104},"4":{"loc":{"start":{"line":111,"column":6},"end":{"line":115,"column":7}},"type":"if","locations":[{"start":{"line":111,"column":6},"end":{"line":115,"column":7}},{"start":{"line":111,"column":6},"end":{"line":115,"column":7}}],"line":111}},"s":{"0":3,"1":3,"2":3,"3":3,"4":3,"5":3,"6":3,"7":3,"8":2,"9":2,"10":2,"11":3,"12":3,"13":3,"14":0,"15":2,"16":0,"17":3,"18":7,"19":7,"20":1,"21":1,"22":1,"23":1,"24":1,"25":6,"26":6,"27":1,"28":1,"29":1,"30":5,"31":5,"32":5,"33":5,"34":2,"35":3,"36":8,"37":8,"38":8,"39":8,"40":8,"41":8,"42":10,"43":8,"44":0,"45":3,"46":2,"47":2,"48":1,"49":1,"50":1,"51":1,"52":1,"53":1,"54":1,"55":1,"56":1,"57":1,"58":3,"59":1,"60":1,"61":1,"62":1,"63":0,"64":3},"f":{"0":2,"1":3,"2":0,"3":7,"4":8,"5":10,"6":2,"7":1},"b":{"0":[1,6],"1":[1,0],"2":[1,5],"3":[1,1],"4":[1,0]},"_coverageSchema":"332fd63041d2c1bcb487cc26dd0d5f7d97098a6c","hash":"b476800b35b7c7f754f3290d0c1524aaa49a0fbf"}
}
