TN:
SF:/Users/jason/repos/rithm/linked-list/index.js
FN:27,(anonymous_0)
FN:38,(anonymous_1)
FNF:2
FNH:1
FNDA:0,(anonymous_0)
FNDA:18,(anonymous_1)
DA:2,3
DA:3,3
DA:4,3
DA:5,3
DA:8,3
DA:9,3
DA:10,3
DA:11,3
DA:13,3
DA:16,3
DA:17,3
DA:18,3
DA:21,3
DA:22,3
DA:23,3
DA:24,3
DA:27,3
DA:28,0
DA:29,0
DA:30,0
DA:38,3
DA:39,18
DA:40,18
DA:46,3
LF:24
LH:21
BRDA:39,0,0,18
BRDA:39,0,1,0
BRDA:42,1,0,0
BRDA:42,1,1,18
BRF:4
BRH:2
end_of_record
TN:
SF:/Users/jason/repos/rithm/linked-list/db/index.js
FNF:0
FNH:0
DA:1,3
DA:4,3
DA:5,3
DA:9,3
DA:11,3
LF:5
LH:5
BRDA:4,0,0,3
BRDA:4,0,1,0
BRF:2
BRH:1
end_of_record
TN:
SF:/Users/jason/repos/rithm/linked-list/helpers/selective_query.js
FN:10,selectivePatchQuery
FNF:1
FNH:1
FNDA:3,selectivePatchQuery
DA:1,3
DA:12,3
DA:13,2
DA:14,2
DA:16,3
DA:18,3
DA:21,3
DA:22,3
DA:23,7
DA:27,3
DA:30,3
DA:31,3
DA:32,3
DA:34,3
DA:37,3
LF:15
LH:15
BRDA:12,0,0,2
BRDA:12,0,1,1
BRF:2
BRH:2
end_of_record
TN:
SF:/Users/jason/repos/rithm/linked-list/middleware/auth.js
FN:3,requireAuthorization
FN:20,requireUserAuthorization
FN:35,requireCompanyAuthorization
FN:51,requireCorrectUser
FN:69,requireCorrectCompany
FNF:5
FNH:5
FNDA:30,requireAuthorization
FNDA:28,requireUserAuthorization
FNDA:5,requireCompanyAuthorization
FNDA:5,requireCorrectUser
FNDA:4,requireCorrectCompany
DA:1,3
DA:5,30
DA:6,30
DA:7,30
DA:8,28
DA:9,28
DA:11,2
DA:14,2
DA:15,2
DA:16,2
DA:21,28
DA:22,28
DA:23,28
DA:24,28
DA:25,28
DA:26,28
DA:29,0
DA:30,0
DA:31,0
DA:32,0
DA:36,5
DA:37,5
DA:38,5
DA:39,5
DA:40,5
DA:41,5
DA:44,0
DA:45,0
DA:46,0
DA:47,0
DA:53,5
DA:54,5
DA:55,5
DA:56,5
DA:57,3
DA:59,2
DA:62,2
DA:63,2
DA:64,2
DA:65,2
DA:71,4
DA:72,4
DA:73,4
DA:74,4
DA:76,2
DA:78,2
DA:81,2
DA:82,2
DA:83,2
DA:84,2
DA:88,3
LF:51
LH:43
BRDA:24,0,0,28
BRDA:24,0,1,0
BRDA:39,1,0,5
BRDA:39,1,1,0
BRDA:56,2,0,3
BRDA:56,2,1,2
BRDA:74,3,0,2
BRDA:74,3,1,2
BRF:8
BRH:6
end_of_record
TN:
SF:/Users/jason/repos/rithm/linked-list/routes/auth.js
FN:13,(anonymous_0)
FN:44,(anonymous_1)
FNF:2
FNH:2
FNDA:37,(anonymous_0)
FNDA:34,(anonymous_1)
DA:1,3
DA:2,3
DA:3,3
DA:4,3
DA:5,3
DA:10,3
DA:13,3
DA:15,37
DA:16,37
DA:19,37
DA:20,37
DA:24,37
DA:25,37
DA:29,37
DA:32,0
DA:35,0
DA:38,0
DA:44,3
DA:46,34
DA:47,34
DA:51,34
DA:52,34
DA:56,34
DA:57,34
DA:61,34
DA:64,0
DA:67,0
DA:70,0
DA:74,3
LF:29
LH:23
BRDA:19,0,0,37
BRDA:19,0,1,0
BRDA:24,1,0,37
BRDA:24,1,1,0
BRDA:51,2,0,34
BRDA:51,2,1,0
BRDA:56,3,0,34
BRDA:56,3,1,0
BRF:8
BRH:4
end_of_record
TN:
SF:/Users/jason/repos/rithm/linked-list/routes/companies.js
FN:12,(anonymous_0)
FN:17,(anonymous_1)
FN:26,(anonymous_2)
FN:27,(anonymous_3)
FN:30,(anonymous_4)
FN:38,(anonymous_5)
FN:70,(anonymous_6)
FN:85,(anonymous_7)
FN:86,(anonymous_8)
FN:93,(anonymous_9)
FN:112,(anonymous_10)
FN:113,(anonymous_11)
FN:120,(anonymous_12)
FN:134,(anonymous_13)
FN:135,(anonymous_14)
FNF:15
FNH:7
FNDA:2,(anonymous_0)
FNDA:3,(anonymous_1)
FNDA:0,(anonymous_2)
FNDA:0,(anonymous_3)
FNDA:2,(anonymous_4)
FNDA:3,(anonymous_5)
FNDA:1,(anonymous_6)
FNDA:0,(anonymous_7)
FNDA:0,(anonymous_8)
FNDA:1,(anonymous_9)
FNDA:0,(anonymous_10)
FNDA:0,(anonymous_11)
FNDA:1,(anonymous_12)
FNDA:0,(anonymous_13)
FNDA:0,(anonymous_14)
DA:1,3
DA:2,3
DA:3,3
DA:4,3
DA:5,3
DA:6,3
DA:10,3
DA:12,3
DA:14,2
DA:15,2
DA:17,2
DA:18,3
DA:19,3
DA:23,3
DA:26,3
DA:27,3
DA:28,3
DA:30,2
DA:31,2
DA:34,0
DA:38,3
DA:40,3
DA:42,3
DA:46,3
DA:47,1
DA:48,1
DA:49,1
DA:52,2
DA:53,2
DA:63,2
DA:64,2
DA:66,1
DA:70,3
DA:72,1
DA:73,1
DA:77,1
DA:81,1
DA:84,1
DA:85,1
DA:86,1
DA:87,1
DA:89,0
DA:93,3
DA:95,1
DA:96,1
DA:103,1
DA:104,1
DA:108,1
DA:111,1
DA:112,1
DA:113,1
DA:114,1
DA:116,0
DA:120,3
DA:122,1
DA:123,1
DA:127,1
DA:131,1
DA:134,1
DA:135,1
DA:136,1
DA:139,1
DA:141,0
DA:145,3
LF:64
LH:60
BRDA:46,0,0,1
BRDA:46,0,1,2
BRF:2
BRH:2
end_of_record
TN:
SF:/Users/jason/repos/rithm/linked-list/routes/jobs.js
FN:12,(anonymous_0)
FN:16,(anonymous_1)
FN:23,(anonymous_2)
FN:39,(anonymous_3)
FN:52,(anonymous_4)
FN:81,(anonymous_5)
FN:106,(anonymous_6)
FN:122,(anonymous_7)
FN:169,(anonymous_8)
FN:228,(anonymous_9)
FNF:10
FNH:10
FNDA:2,(anonymous_0)
FNDA:3,(anonymous_1)
FNDA:1,(anonymous_2)
FNDA:1,(anonymous_3)
FNDA:2,(anonymous_4)
FNDA:2,(anonymous_5)
FNDA:28,(anonymous_6)
FNDA:2,(anonymous_7)
FNDA:6,(anonymous_8)
FNDA:4,(anonymous_9)
DA:1,3
DA:2,3
DA:3,3
DA:4,3
DA:10,3
DA:12,3
DA:14,2
DA:15,2
DA:16,3
DA:17,2
DA:19,0
DA:23,3
DA:25,1
DA:26,1
DA:28,1
DA:32,1
DA:33,1
DA:35,0
DA:39,3
DA:41,1
DA:42,1
DA:45,1
DA:46,1
DA:48,0
DA:52,3
DA:54,2
DA:55,2
DA:59,2
DA:60,1
DA:61,1
DA:62,1
DA:63,1
DA:66,1
DA:72,1
DA:74,1
DA:75,1
DA:77,1
DA:81,3
DA:83,2
DA:84,2
DA:88,2
DA:89,1
DA:90,1
DA:91,1
DA:92,1
DA:95,1
DA:96,1
DA:97,1
DA:99,1
DA:103,3
DA:107,28
DA:108,28
DA:112,28
DA:114,0
DA:119,3
DA:123,2
DA:124,2
DA:125,1
DA:129,1
DA:130,0
DA:131,0
DA:132,0
DA:134,1
DA:137,1
DA:138,1
DA:142,1
DA:146,1
DA:147,0
DA:148,0
DA:149,0
DA:150,1
DA:151,0
DA:154,0
DA:155,0
DA:157,1
DA:161,0
DA:166,3
DA:170,6
DA:171,6
DA:172,3
DA:176,3
DA:177,1
DA:178,1
DA:179,1
DA:180,2
DA:183,1
DA:186,1
DA:187,1
DA:189,1
DA:191,3
DA:192,3
DA:196,3
DA:200,3
DA:201,1
DA:202,1
DA:203,1
DA:204,2
DA:205,1
DA:208,1
DA:209,1
DA:211,1
DA:220,4
DA:225,3
DA:229,4
DA:230,4
DA:231,2
DA:235,2
DA:236,1
DA:239,1
DA:240,1
DA:242,1
DA:246,1
DA:248,2
DA:249,2
DA:253,2
DA:254,1
DA:257,1
DA:258,1
DA:260,1
DA:264,1
DA:266,0
DA:269,0
DA:270,0
DA:273,2
DA:278,3
LF:125
LH:108
BRDA:59,0,0,1
BRDA:59,0,1,1
BRDA:88,1,0,1
BRDA:88,1,1,1
BRDA:124,2,0,1
BRDA:124,2,1,1
BRDA:129,3,0,0
BRDA:129,3,1,1
BRDA:137,4,0,1
BRDA:137,4,1,0
BRDA:146,5,0,0
BRDA:146,5,1,1
BRDA:150,6,0,0
BRDA:150,6,1,1
BRDA:171,7,0,3
BRDA:171,7,1,3
BRDA:176,8,0,1
BRDA:176,8,1,2
BRDA:180,9,0,1
BRDA:180,9,1,1
BRDA:191,10,0,3
BRDA:191,10,1,0
BRDA:200,11,0,1
BRDA:200,11,1,2
BRDA:204,12,0,1
BRDA:204,12,1,1
BRDA:230,13,0,2
BRDA:230,13,1,2
BRDA:235,14,0,1
BRDA:235,14,1,1
BRDA:248,15,0,2
BRDA:248,15,1,0
BRDA:253,16,0,1
BRDA:253,16,1,1
BRF:34
BRH:28
end_of_record
TN:
SF:/Users/jason/repos/rithm/linked-list/routes/users.js
FN:12,(anonymous_0)
FN:20,(anonymous_1)
FN:26,(anonymous_2)
FN:34,(anonymous_3)
FN:82,(anonymous_4)
FN:94,(anonymous_5)
FN:101,(anonymous_6)
FN:132,(anonymous_7)
FNF:8
FNH:7
FNDA:2,(anonymous_0)
FNDA:3,(anonymous_1)
FNDA:0,(anonymous_2)
FNDA:7,(anonymous_3)
FNDA:8,(anonymous_4)
FNDA:10,(anonymous_5)
FNDA:2,(anonymous_6)
FNDA:1,(anonymous_7)
DA:1,3
DA:2,3
DA:3,3
DA:4,3
DA:5,3
DA:9,3
DA:10,3
DA:12,3
DA:14,2
DA:15,2
DA:20,2
DA:21,3
DA:25,3
DA:26,3
DA:28,2
DA:30,0
DA:34,3
DA:36,7
DA:37,7
DA:39,1
DA:44,1
DA:45,1
DA:46,1
DA:47,1
DA:51,6
DA:55,6
DA:56,1
DA:57,1
DA:58,1
DA:61,5
DA:62,5
DA:75,5
DA:76,5
DA:78,2
DA:82,3
DA:84,8
DA:85,8
DA:88,8
DA:92,8
DA:93,8
DA:94,10
DA:95,8
DA:97,0
DA:101,3
DA:103,2
DA:104,2
DA:106,1
DA:111,1
DA:112,1
DA:113,1
DA:114,1
DA:117,1
DA:123,1
DA:125,1
DA:126,1
DA:128,1
DA:132,3
DA:134,1
DA:135,1
DA:138,1
DA:141,1
DA:143,0
DA:147,3
LF:63
LH:60
BRDA:37,0,0,1
BRDA:37,0,1,6
BRDA:44,1,0,1
BRDA:44,1,1,0
BRDA:55,2,0,1
BRDA:55,2,1,5
BRDA:104,3,0,1
BRDA:104,3,1,1
BRDA:111,4,0,1
BRDA:111,4,1,0
BRF:10
BRH:8
end_of_record
