TN:
SF:/Users/tyler/rithm/rithm/linked-list/index.js
FN:27,(anonymous_0)
FN:38,(anonymous_1)
FNF:2
FNH:1
FNDA:0,(anonymous_0)
FNDA:7,(anonymous_1)
DA:2,3
DA:3,3
DA:4,3
DA:5,3
DA:8,3
DA:9,3
DA:10,3
DA:11,3
DA:13,3
DA:16,3
DA:17,3
DA:18,3
DA:21,3
DA:22,3
DA:23,3
DA:24,3
DA:27,3
DA:28,0
DA:29,0
DA:30,0
DA:38,3
DA:39,7
DA:40,7
DA:46,3
LF:24
LH:21
BRDA:39,0,0,7
BRDA:39,0,1,0
BRDA:42,1,0,0
BRDA:42,1,1,7
BRF:4
BRH:2
end_of_record
TN:
SF:/Users/tyler/rithm/rithm/linked-list/db/index.js
FNF:0
FNH:0
DA:1,3
DA:4,3
DA:5,3
DA:9,3
DA:11,3
LF:5
LH:5
BRDA:4,0,0,3
BRDA:4,0,1,0
BRF:2
BRH:1
end_of_record
TN:
SF:/Users/tyler/rithm/rithm/linked-list/helpers/selective_query.js
FN:10,selectivePatchQuery
FNF:1
FNH:1
FNDA:3,selectivePatchQuery
DA:1,3
DA:12,3
DA:13,2
DA:14,2
DA:16,3
DA:18,3
DA:21,3
DA:22,3
DA:23,7
DA:27,3
DA:30,3
DA:31,3
DA:32,3
DA:34,3
DA:37,3
LF:15
LH:15
BRDA:12,0,0,2
BRDA:12,0,1,1
BRF:2
BRH:2
end_of_record
TN:
SF:/Users/tyler/rithm/rithm/linked-list/middleware/auth.js
FN:3,requireAuthorization
FN:20,requireUserAuthorization
FN:35,requireCompanyAuthorization
FN:51,requireCorrectUser
FN:69,requireCorrectCompany
FNF:5
FNH:5
FNDA:11,requireAuthorization
FNDA:2,requireUserAuthorization
FNDA:5,requireCompanyAuthorization
FNDA:4,requireCorrectUser
FNDA:4,requireCorrectCompany
DA:1,3
DA:5,11
DA:6,11
DA:7,11
DA:8,10
DA:9,10
DA:11,1
DA:14,1
DA:15,1
DA:16,1
DA:21,2
DA:22,2
DA:23,2
DA:24,2
DA:25,2
DA:26,2
DA:29,0
DA:30,0
DA:31,0
DA:32,0
DA:36,5
DA:37,5
DA:38,5
DA:39,5
DA:40,5
DA:41,5
DA:44,0
DA:45,0
DA:46,0
DA:47,0
DA:53,4
DA:54,4
DA:55,4
DA:56,4
DA:57,2
DA:59,2
DA:62,2
DA:63,2
DA:64,2
DA:65,2
DA:71,4
DA:72,4
DA:73,4
DA:74,4
DA:76,2
DA:78,2
DA:81,2
DA:82,2
DA:83,2
DA:84,2
DA:88,3
LF:51
LH:43
BRDA:24,0,0,2
BRDA:24,0,1,0
BRDA:39,1,0,5
BRDA:39,1,1,0
BRDA:56,2,0,2
BRDA:56,2,1,2
BRDA:74,3,0,2
BRDA:74,3,1,2
BRF:8
BRH:6
end_of_record
TN:
SF:/Users/tyler/rithm/rithm/linked-list/routes/auth.js
FN:13,(anonymous_0)
FN:44,(anonymous_1)
FNF:2
FNH:2
FNDA:19,(anonymous_0)
FNDA:19,(anonymous_1)
DA:1,3
DA:2,3
DA:3,3
DA:4,3
DA:5,3
DA:10,3
DA:13,3
DA:15,19
DA:16,19
DA:19,19
DA:20,19
DA:24,19
DA:25,19
DA:29,19
DA:32,0
DA:35,0
DA:38,0
DA:44,3
DA:46,19
DA:47,19
DA:51,19
DA:52,19
DA:56,19
DA:57,19
DA:61,19
DA:64,0
DA:67,0
DA:70,0
DA:74,3
LF:29
LH:23
BRDA:19,0,0,19
BRDA:19,0,1,0
BRDA:24,1,0,19
BRDA:24,1,1,0
BRDA:51,2,0,19
BRDA:51,2,1,0
BRDA:56,3,0,19
BRDA:56,3,1,0
BRF:8
BRH:4
end_of_record
TN:
SF:/Users/tyler/rithm/rithm/linked-list/routes/companies.js
FN:12,(anonymous_0)
FN:22,(anonymous_1)
FN:43,(anonymous_2)
FN:58,(anonymous_3)
FN:59,(anonymous_4)
FN:66,(anonymous_5)
FN:85,(anonymous_6)
FN:86,(anonymous_7)
FN:93,(anonymous_8)
FN:107,(anonymous_9)
FN:108,(anonymous_10)
FNF:11
FNH:5
FNDA:2,(anonymous_0)
FNDA:1,(anonymous_1)
FNDA:1,(anonymous_2)
FNDA:0,(anonymous_3)
FNDA:0,(anonymous_4)
FNDA:1,(anonymous_5)
FNDA:0,(anonymous_6)
FNDA:0,(anonymous_7)
FNDA:1,(anonymous_8)
FNDA:0,(anonymous_9)
FNDA:0,(anonymous_10)
DA:1,3
DA:2,3
DA:3,3
DA:4,3
DA:5,3
DA:6,3
DA:10,3
DA:12,3
DA:14,2
DA:15,2
DA:16,2
DA:18,0
DA:22,3
DA:24,1
DA:25,1
DA:26,1
DA:36,1
DA:37,1
DA:39,0
DA:43,3
DA:45,1
DA:46,1
DA:50,1
DA:54,1
DA:57,1
DA:58,1
DA:59,1
DA:60,1
DA:62,0
DA:66,3
DA:68,1
DA:69,1
DA:76,1
DA:77,1
DA:81,1
DA:84,1
DA:85,1
DA:86,1
DA:87,1
DA:89,0
DA:93,3
DA:95,1
DA:96,1
DA:100,1
DA:104,1
DA:107,1
DA:108,1
DA:109,1
DA:112,1
DA:114,0
DA:118,3
LF:51
LH:46
BRF:0
BRH:0
end_of_record
TN:
SF:/Users/tyler/rithm/rithm/linked-list/routes/jobs.js
FN:12,(anonymous_0)
FN:16,(anonymous_1)
FN:23,(anonymous_2)
FN:39,(anonymous_3)
FN:52,(anonymous_4)
FN:81,(anonymous_5)
FN:103,(anonymous_6)
FN:115,(anonymous_7)
FNF:8
FNH:8
FNDA:2,(anonymous_0)
FNDA:3,(anonymous_1)
FNDA:1,(anonymous_2)
FNDA:1,(anonymous_3)
FNDA:2,(anonymous_4)
FNDA:2,(anonymous_5)
FNDA:2,(anonymous_6)
FNDA:1,(anonymous_7)
DA:1,3
DA:2,3
DA:3,3
DA:4,3
DA:10,3
DA:12,3
DA:14,2
DA:15,2
DA:16,3
DA:17,2
DA:19,0
DA:23,3
DA:25,1
DA:26,1
DA:28,1
DA:32,1
DA:33,1
DA:35,0
DA:39,3
DA:41,1
DA:42,1
DA:45,1
DA:46,1
DA:48,0
DA:52,3
DA:54,2
DA:55,2
DA:59,2
DA:60,1
DA:61,1
DA:62,1
DA:63,1
DA:66,1
DA:72,1
DA:74,1
DA:75,1
DA:77,1
DA:81,3
DA:83,2
DA:84,2
DA:88,2
DA:89,1
DA:90,1
DA:91,1
DA:92,1
DA:95,1
DA:96,1
DA:97,1
DA:99,1
DA:103,3
DA:104,2
DA:105,2
DA:109,2
DA:111,0
DA:115,3
DA:116,1
DA:117,1
DA:118,1
DA:122,1
DA:123,0
DA:125,1
DA:129,1
DA:131,0
DA:132,0
DA:137,0
DA:140,0
DA:144,3
LF:67
LH:58
BRDA:59,0,0,1
BRDA:59,0,1,1
BRDA:88,1,0,1
BRDA:88,1,1,1
BRDA:117,2,0,1
BRDA:117,2,1,0
BRDA:122,3,0,0
BRDA:122,3,1,1
BRDA:131,4,0,0
BRDA:131,4,1,0
BRF:10
BRH:6
end_of_record
TN:
SF:/Users/tyler/rithm/rithm/linked-list/routes/users.js
FN:12,(anonymous_0)
FN:27,(anonymous_1)
FN:54,(anonymous_2)
FN:67,(anonymous_3)
FN:86,(anonymous_4)
FNF:5
FNH:5
FNDA:2,(anonymous_0)
FNDA:1,(anonymous_1)
FNDA:1,(anonymous_2)
FNDA:1,(anonymous_3)
FNDA:1,(anonymous_4)
DA:1,3
DA:2,3
DA:3,3
DA:4,3
DA:5,3
DA:9,3
DA:10,3
DA:12,3
DA:14,2
DA:15,2
DA:21,2
DA:23,0
DA:27,3
DA:29,1
DA:30,1
DA:34,1
DA:35,1
DA:47,1
DA:48,1
DA:50,0
DA:54,3
DA:56,1
DA:57,1
DA:60,1
DA:61,1
DA:63,0
DA:67,3
DA:69,1
DA:70,1
DA:76,1
DA:77,1
DA:79,1
DA:80,1
DA:82,0
DA:86,3
DA:88,1
DA:89,1
DA:92,1
DA:95,1
DA:97,0
DA:101,3
LF:41
LH:36
BRDA:30,0,0,0
BRDA:30,0,1,1
BRF:2
BRH:1
end_of_record
